[0.034s] Invoking command in '/home/terra/nav2_ws/build/nav2_straightline_planner': AMENT_PREFIX_PATH=/home/terra/nav2_ws/install/nav2_core:/home/terra/nav2_ws/install/nav2_costmap_2d:/home/terra/nav2_ws/install/nav2_util:/home/terra/nav2_ws/install/nav2_voxel_grid:/home/terra/nav2_ws/install/nav2_msgs:/home/terra/nav2_ws/install/nav2_common:${AMENT_PREFIX_PATH} CMAKE_PREFIX_PATH=/home/terra/nav2_ws/install/nav2_core:/home/terra/nav2_ws/install/nav2_costmap_2d:/home/terra/nav2_ws/install/nav2_util:/home/terra/nav2_ws/install/nav2_voxel_grid:/home/terra/nav2_ws/install/nav2_msgs:/home/terra/nav2_ws/install/nav2_common:/opt/ros/foxy LD_LIBRARY_PATH=/home/terra/nav2_ws/install/nav2_costmap_2d/lib:/home/terra/nav2_ws/install/nav2_util/lib:/home/terra/nav2_ws/install/nav2_voxel_grid/lib:/home/terra/nav2_ws/install/nav2_msgs/lib:${LD_LIBRARY_PATH} PYTHONPATH=/home/terra/nav2_ws/install/nav2_msgs/lib/python3.8/site-packages:/home/terra/nav2_ws/install/nav2_common/lib/python3.8/site-packages:${PYTHONPATH} /usr/bin/cmake --build /home/terra/nav2_ws/build/nav2_straightline_planner -- -j8 -l8
[0.092s] [35m[1mScanning dependencies of target nav2_straightline_planner_plugin[0m
[0.155s] [ 50%] [32mBuilding CXX object CMakeFiles/nav2_straightline_planner_plugin.dir/src/straight_line_planner.cpp.o[0m
[2.317s] In file included from [01m[K/home/terra/nav2_ws/src/navigation2_tutorials/nav2_straightline_planner/src/straight_line_planner.cpp:47[m[K:
[2.317s] [01m[K/home/terra/nav2_ws/src/navigation2_tutorials/nav2_straightline_planner/include/nav2_straightline_planner/straight_line_planner.hpp:107:32:[m[K [01;31m[Kerror: [m[Kredeclaration of â€˜[01m[Knav2_costmap_2d::Costmap2D* nav2_straightline_planner::StraightLine::costmap_[m[Kâ€™
[2.317s]   107 |   nav2_costmap_2d::Costmap2D * [01;31m[Kcostmap_[m[K;
[2.318s]       |                                [01;31m[K^~~~~~~~[m[K
[2.318s] [01m[K/home/terra/nav2_ws/src/navigation2_tutorials/nav2_straightline_planner/include/nav2_straightline_planner/straight_line_planner.hpp:98:32:[m[K [01;36m[Knote: [m[Kprevious declaration â€˜[01m[Knav2_costmap_2d::Costmap2D* nav2_straightline_planner::StraightLine::costmap_[m[Kâ€™
[2.318s]    98 |   nav2_costmap_2d::Costmap2D * [01;36m[Kcostmap_[m[K; //costmap from ROS
[2.318s]       |                                [01;36m[K^~~~~~~~[m[K
[3.292s] make[2]: *** [CMakeFiles/nav2_straightline_planner_plugin.dir/build.make:63: CMakeFiles/nav2_straightline_planner_plugin.dir/src/straight_line_planner.cpp.o] Error 1
[3.292s] make[1]: *** [CMakeFiles/Makefile2:78: CMakeFiles/nav2_straightline_planner_plugin.dir/all] Error 2
[3.292s] make: *** [Makefile:141: all] Error 2
[3.295s] Invoked command in '/home/terra/nav2_ws/build/nav2_straightline_planner' returned '2': AMENT_PREFIX_PATH=/home/terra/nav2_ws/install/nav2_core:/home/terra/nav2_ws/install/nav2_costmap_2d:/home/terra/nav2_ws/install/nav2_util:/home/terra/nav2_ws/install/nav2_voxel_grid:/home/terra/nav2_ws/install/nav2_msgs:/home/terra/nav2_ws/install/nav2_common:${AMENT_PREFIX_PATH} CMAKE_PREFIX_PATH=/home/terra/nav2_ws/install/nav2_core:/home/terra/nav2_ws/install/nav2_costmap_2d:/home/terra/nav2_ws/install/nav2_util:/home/terra/nav2_ws/install/nav2_voxel_grid:/home/terra/nav2_ws/install/nav2_msgs:/home/terra/nav2_ws/install/nav2_common:/opt/ros/foxy LD_LIBRARY_PATH=/home/terra/nav2_ws/install/nav2_costmap_2d/lib:/home/terra/nav2_ws/install/nav2_util/lib:/home/terra/nav2_ws/install/nav2_voxel_grid/lib:/home/terra/nav2_ws/install/nav2_msgs/lib:${LD_LIBRARY_PATH} PYTHONPATH=/home/terra/nav2_ws/install/nav2_msgs/lib/python3.8/site-packages:/home/terra/nav2_ws/install/nav2_common/lib/python3.8/site-packages:${PYTHONPATH} /usr/bin/cmake --build /home/terra/nav2_ws/build/nav2_straightline_planner -- -j8 -l8
