[0.021s] Invoking command in '/home/terra/nav2_ws/build/nav2_straightline_demo': CMAKE_PREFIX_PATH=/opt/ros/foxy /usr/bin/cmake --build /home/terra/nav2_ws/build/nav2_straightline_demo -- -j8 -l8
[0.079s] [35m[1mScanning dependencies of target straight_line_demo[0m
[0.144s] [ 50%] [32mBuilding CXX object CMakeFiles/straight_line_demo.dir/src/straight_line_demo.cpp.o[0m
[0.154s] [01m[K/home/terra/nav2_ws/src/nav2_straightline_demo/src/straight_line_demo.cpp:1:10:[m[K [01;31m[Kfatal error: [m[Kinclude/straight_line_demo.hpp: No such file or directory
[0.154s]     1 | #include [01;31m[K"include/straight_line_demo.hpp"[m[K
[0.154s]       |          [01;31m[K^~~~~~~~~~~~~~~~~~~~~~~~~~~~~~~~[m[K
[0.154s] compilation terminated.
[0.155s] make[2]: *** [CMakeFiles/straight_line_demo.dir/build.make:63: CMakeFiles/straight_line_demo.dir/src/straight_line_demo.cpp.o] Error 1
[0.155s] make[1]: *** [CMakeFiles/Makefile2:78: CMakeFiles/straight_line_demo.dir/all] Error 2
[0.155s] make: *** [Makefile:141: all] Error 2
[0.158s] Invoked command in '/home/terra/nav2_ws/build/nav2_straightline_demo' returned '2': CMAKE_PREFIX_PATH=/opt/ros/foxy /usr/bin/cmake --build /home/terra/nav2_ws/build/nav2_straightline_demo -- -j8 -l8
