[35m[1mScanning dependencies of target nav2_straightline_planner_plugin[0m
[ 50%] [32mBuilding CXX object CMakeFiles/nav2_straightline_planner_plugin.dir/src/straight_line_planner.cpp.o[0m
In file included from [01m[K/home/terra/nav2_ws/src/navigation2_tutorials/nav2_straightline_planner/src/straight_line_planner.cpp:46[m[K:
[01m[K/home/terra/nav2_ws/src/navigation2_tutorials/nav2_straightline_planner/include/nav2_straightline_planner/straight_line_planner.hpp:60:54:[m[K [01;31m[Kerror: [m[Kexpected â€˜[01m[K{[m[Kâ€™ before â€˜[01m[K:[m[Kâ€™ token
   60 | class StraightLine : public nav2_core::GlobalPlanner [01;31m[K:[m[K public rclcpp :: Node
      |                                                      [01;31m[K^[m[K
[01m[K/home/terra/nav2_ws/src/navigation2_tutorials/nav2_straightline_planner/include/nav2_straightline_planner/straight_line_planner.hpp:60:54:[m[K [01;31m[Kerror: [m[Kexpected unqualified-id before â€˜[01m[K:[m[Kâ€™ token
[01m[K/home/terra/nav2_ws/src/navigation2_tutorials/nav2_straightline_planner/src/straight_line_planner.cpp:54:61:[m[K [01;31m[Kerror: [m[Kinvalid use of incomplete type â€˜[01m[Kclass nav2_straightline_planner::StraightLine[m[Kâ€™
   54 |   std::shared_ptr<nav2_costmap_2d::Costmap2DROS> costmap_ros[01;31m[K)[m[K
      |                                                             [01;31m[K^[m[K
In file included from [01m[K/home/terra/nav2_ws/src/navigation2_tutorials/nav2_straightline_planner/src/straight_line_planner.cpp:46[m[K:
[01m[K/home/terra/nav2_ws/src/navigation2_tutorials/nav2_straightline_planner/include/nav2_straightline_planner/straight_line_planner.hpp:60:7:[m[K [01;36m[Knote: [m[Kforward declaration of â€˜[01m[Kclass nav2_straightline_planner::StraightLine[m[Kâ€™
   60 | class [01;36m[KStraightLine[m[K : public nav2_core::GlobalPlanner : public rclcpp :: Node
      |       [01;36m[K^~~~~~~~~~~~[m[K
[01m[K/home/terra/nav2_ws/src/navigation2_tutorials/nav2_straightline_planner/src/straight_line_planner.cpp:69:28:[m[K [01;31m[Kerror: [m[Kinvalid use of incomplete type â€˜[01m[Kclass nav2_straightline_planner::StraightLine[m[Kâ€™
   69 | void StraightLine::cleanup([01;31m[K)[m[K
      |                            [01;31m[K^[m[K
In file included from [01m[K/home/terra/nav2_ws/src/navigation2_tutorials/nav2_straightline_planner/src/straight_line_planner.cpp:46[m[K:
[01m[K/home/terra/nav2_ws/src/navigation2_tutorials/nav2_straightline_planner/include/nav2_straightline_planner/straight_line_planner.hpp:60:7:[m[K [01;36m[Knote: [m[Kforward declaration of â€˜[01m[Kclass nav2_straightline_planner::StraightLine[m[Kâ€™
   60 | class [01;36m[KStraightLine[m[K : public nav2_core::GlobalPlanner : public rclcpp :: Node
      |       [01;36m[K^~~~~~~~~~~~[m[K
[01m[K/home/terra/nav2_ws/src/navigation2_tutorials/nav2_straightline_planner/src/straight_line_planner.cpp:76:29:[m[K [01;31m[Kerror: [m[Kinvalid use of incomplete type â€˜[01m[Kclass nav2_straightline_planner::StraightLine[m[Kâ€™
   76 | void StraightLine::activate([01;31m[K)[m[K
      |                             [01;31m[K^[m[K
In file included from [01m[K/home/terra/nav2_ws/src/navigation2_tutorials/nav2_straightline_planner/src/straight_line_planner.cpp:46[m[K:
[01m[K/home/terra/nav2_ws/src/navigation2_tutorials/nav2_straightline_planner/include/nav2_straightline_planner/straight_line_planner.hpp:60:7:[m[K [01;36m[Knote: [m[Kforward declaration of â€˜[01m[Kclass nav2_straightline_planner::StraightLine[m[Kâ€™
   60 | class [01;36m[KStraightLine[m[K : public nav2_core::GlobalPlanner : public rclcpp :: Node
      |       [01;36m[K^~~~~~~~~~~~[m[K
[01m[K/home/terra/nav2_ws/src/navigation2_tutorials/nav2_straightline_planner/src/straight_line_planner.cpp:83:31:[m[K [01;31m[Kerror: [m[Kinvalid use of incomplete type â€˜[01m[Kclass nav2_straightline_planner::StraightLine[m[Kâ€™
   83 | void StraightLine::deactivate([01;31m[K)[m[K
      |                               [01;31m[K^[m[K
In file included from [01m[K/home/terra/nav2_ws/src/navigation2_tutorials/nav2_straightline_planner/src/straight_line_planner.cpp:46[m[K:
[01m[K/home/terra/nav2_ws/src/navigation2_tutorials/nav2_straightline_planner/include/nav2_straightline_planner/straight_line_planner.hpp:60:7:[m[K [01;36m[Knote: [m[Kforward declaration of â€˜[01m[Kclass nav2_straightline_planner::StraightLine[m[Kâ€™
   60 | class [01;36m[KStraightLine[m[K : public nav2_core::GlobalPlanner : public rclcpp :: Node
      |       [01;36m[K^~~~~~~~~~~~[m[K
[01m[K/home/terra/nav2_ws/src/navigation2_tutorials/nav2_straightline_planner/src/straight_line_planner.cpp:92:47:[m[K [01;31m[Kerror: [m[Kinvalid use of incomplete type â€˜[01m[Kclass nav2_straightline_planner::StraightLine[m[Kâ€™
   92 |   const geometry_msgs::msg::PoseStamped & goal[01;31m[K)[m[K
      |                                               [01;31m[K^[m[K
In file included from [01m[K/home/terra/nav2_ws/src/navigation2_tutorials/nav2_straightline_planner/src/straight_line_planner.cpp:46[m[K:
[01m[K/home/terra/nav2_ws/src/navigation2_tutorials/nav2_straightline_planner/include/nav2_straightline_planner/straight_line_planner.hpp:60:7:[m[K [01;36m[Knote: [m[Kforward declaration of â€˜[01m[Kclass nav2_straightline_planner::StraightLine[m[Kâ€™
   60 | class [01;36m[KStraightLine[m[K : public nav2_core::GlobalPlanner : public rclcpp :: Node
      |       [01;36m[K^~~~~~~~~~~~[m[K
In file included from [01m[K/opt/ros/foxy/include/class_loader/class_loader_core.hpp:57[m[K,
                 from [01m[K/opt/ros/foxy/include/class_loader/class_loader.hpp:55[m[K,
                 from [01m[K/opt/ros/foxy/include/class_loader/multi_library_class_loader.hpp:52[m[K,
                 from [01m[K/opt/ros/foxy/include/pluginlib/class_loader.hpp:58[m[K,
                 from [01m[K/home/terra/nav2_ws/install/nav2_costmap_2d/include/nav2_costmap_2d/costmap_2d_ros.hpp:53[m[K,
                 from [01m[K/home/terra/nav2_ws/install/nav2_core/include/nav2_core/global_planner.hpp:21[m[K,
                 from [01m[K/home/terra/nav2_ws/src/navigation2_tutorials/nav2_straightline_planner/include/nav2_straightline_planner/straight_line_planner.hpp:51[m[K,
                 from [01m[K/home/terra/nav2_ws/src/navigation2_tutorials/nav2_straightline_planner/src/straight_line_planner.cpp:46[m[K:
/opt/ros/foxy/include/class_loader/meta_object.hpp: In instantiation of â€˜[01m[KB* class_loader::impl::MetaObject<C, B>::create() const [with C = nav2_straightline_planner::StraightLine; B = nav2_core::GlobalPlanner][m[Kâ€™:
[01m[K/opt/ros/foxy/include/class_loader/meta_object.hpp:216:7:[m[K   required from here
[01m[K/opt/ros/foxy/include/class_loader/meta_object.hpp:218:12:[m[K [01;31m[Kerror: [m[Kinvalid use of incomplete type â€˜[01m[Kclass nav2_straightline_planner::StraightLine[m[Kâ€™
  218 |     return [01;31m[Knew C[m[K;
      |            [01;31m[K^~~~~[m[K
In file included from [01m[K/home/terra/nav2_ws/src/navigation2_tutorials/nav2_straightline_planner/src/straight_line_planner.cpp:46[m[K:
[01m[K/home/terra/nav2_ws/src/navigation2_tutorials/nav2_straightline_planner/include/nav2_straightline_planner/straight_line_planner.hpp:60:7:[m[K [01;36m[Knote: [m[Kforward declaration of â€˜[01m[Kclass nav2_straightline_planner::StraightLine[m[Kâ€™
   60 | class [01;36m[KStraightLine[m[K : public nav2_core::GlobalPlanner : public rclcpp :: Node
      |       [01;36m[K^~~~~~~~~~~~[m[K
make[2]: *** [CMakeFiles/nav2_straightline_planner_plugin.dir/build.make:63: CMakeFiles/nav2_straightline_planner_plugin.dir/src/straight_line_planner.cpp.o] Error 1
make[1]: *** [CMakeFiles/Makefile2:78: CMakeFiles/nav2_straightline_planner_plugin.dir/all] Error 2
make: *** [Makefile:141: all] Error 2
