[0.042s] Invoking command in '/home/terra/nav2_ws/build/nav2_straightline_planner': CMAKE_PREFIX_PATH=/home/terra/nav2_ws/install/nav2_core:/home/terra/nav2_ws/install/nav2_costmap_2d:/home/terra/nav2_ws/install/nav2_util:/home/terra/nav2_ws/install/nav2_voxel_grid:/home/terra/nav2_ws/install/nav2_msgs:/home/terra/nav2_ws/install/nav2_common:/home/terra/nav2_ws/install/nav2_system_tests:/home/terra/nav2_ws/install/nav2_bringup:/home/terra/nav2_ws/install/navigation2:/home/terra/nav2_ws/install/smac_planner:/home/terra/nav2_ws/install/nav2_dwb_controller:/home/terra/nav2_ws/install/nav2_controller:/home/terra/nav2_ws/install/dwb_plugins:/home/terra/nav2_ws/install/dwb_critics:/home/terra/nav2_ws/install/dwb_core:/home/terra/nav2_ws/install/nav_2d_utils:/home/terra/nav2_ws/install/dwb_msgs:/home/terra/nav2_ws/install/nav_2d_msgs:/home/terra/nav2_ws/install/nav2_waypoint_follower:/home/terra/nav2_ws/install/nav2_straightline_planner:/home/terra/nav2_ws/install/nav2_regulated_pure_pursuit_controller:/home/terra/nav2_ws/install/nav2_recoveries:/home/terra/nav2_ws/install/nav2_planner:/home/terra/nav2_ws/install/nav2_navfn_planner:/home/terra/nav2_ws/install/costmap_queue:/home/terra/nav2_ws/install/nav2_rviz_plugins:/home/terra/nav2_ws/install/nav2_map_server:/home/terra/nav2_ws/install/nav2_lifecycle_manager:/home/terra/nav2_ws/install/nav2_bt_navigator:/home/terra/nav2_ws/install/nav2_behavior_tree:/home/terra/nav2_ws/install/nav2_amcl:/home/terra/nav2_ws/install/nav2_gazebo_spawner:/opt/ros/foxy LD_LIBRARY_PATH=/home/terra/nav2_ws/install/nav2_costmap_2d/lib:/home/terra/nav2_ws/install/nav2_util/lib:/home/terra/nav2_ws/install/nav2_voxel_grid/lib:/home/terra/nav2_ws/install/nav2_msgs/lib:/home/terra/nav2_ws/install/smac_planner/lib:/home/terra/nav2_ws/install/nav2_controller/lib:/home/terra/nav2_ws/install/dwb_plugins/lib:/home/terra/nav2_ws/install/dwb_critics/lib:/home/terra/nav2_ws/install/dwb_core/lib:/home/terra/nav2_ws/install/nav_2d_utils/lib:/home/terra/nav2_ws/install/dwb_msgs/lib:/home/terra/nav2_ws/install/nav_2d_msgs/lib:/home/terra/nav2_ws/install/nav2_waypoint_follower/lib:/home/terra/nav2_ws/install/nav2_straightline_planner/lib:/home/terra/nav2_ws/install/nav2_regulated_pure_pursuit_controller/lib:/home/terra/nav2_ws/install/nav2_recoveries/lib:/home/terra/nav2_ws/install/nav2_planner/lib:/home/terra/nav2_ws/install/nav2_navfn_planner/lib:/home/terra/nav2_ws/install/costmap_queue/lib:/home/terra/nav2_ws/install/nav2_rviz_plugins/lib:/home/terra/nav2_ws/install/nav2_map_server/lib:/home/terra/nav2_ws/install/nav2_lifecycle_manager/lib:/home/terra/nav2_ws/install/nav2_bt_navigator/lib:/home/terra/nav2_ws/install/nav2_behavior_tree/lib:/home/terra/nav2_ws/install/nav2_amcl/lib:/usr/lib/x86_64-linux-gnu/gazebo-11/plugins:/opt/ros/foxy/opt/yaml_cpp_vendor/lib:/opt/ros/foxy/opt/rviz_ogre_vendor/lib:/opt/ros/foxy/lib/x86_64-linux-gnu:/opt/ros/foxy/lib PYTHONPATH=/home/terra/nav2_ws/install/nav2_msgs/lib/python3.8/site-packages:/home/terra/nav2_ws/install/nav2_common/lib/python3.8/site-packages:/home/terra/nav2_ws/install/dwb_msgs/lib/python3.8/site-packages:/home/terra/nav2_ws/install/nav_2d_msgs/lib/python3.8/site-packages:/home/terra/nav2_ws/build/nav2_gazebo_spawner:/home/terra/nav2_ws/install/nav2_gazebo_spawner/lib/python3.8/site-packages:/opt/ros/foxy/lib/python3.8/site-packages /usr/bin/cmake --build /home/terra/nav2_ws/build/nav2_straightline_planner -- -j8 -l8
[0.122s] [35m[1mScanning dependencies of target nav2_straightline_planner_plugin[0m
[0.203s] [ 50%] [32mBuilding CXX object CMakeFiles/nav2_straightline_planner_plugin.dir/src/straight_line_planner.cpp.o[0m
[2.405s] In file included from [01m[K/home/terra/nav2_ws/src/navigation2_tutorials/nav2_straightline_planner/src/straight_line_planner.cpp:46[m[K:
[2.405s] [01m[K/home/terra/nav2_ws/src/navigation2_tutorials/nav2_straightline_planner/include/nav2_straightline_planner/straight_line_planner.hpp:60:54:[m[K [01;31m[Kerror: [m[Kexpected â€˜[01m[K{[m[Kâ€™ before â€˜[01m[K:[m[Kâ€™ token
[2.405s]    60 | class StraightLine : public nav2_core::GlobalPlanner [01;31m[K:[m[K public rclcpp :: Node
[2.405s]       |                                                      [01;31m[K^[m[K
[2.406s] [01m[K/home/terra/nav2_ws/src/navigation2_tutorials/nav2_straightline_planner/include/nav2_straightline_planner/straight_line_planner.hpp:60:54:[m[K [01;31m[Kerror: [m[Kexpected unqualified-id before â€˜[01m[K:[m[Kâ€™ token
[2.406s] [01m[K/home/terra/nav2_ws/src/navigation2_tutorials/nav2_straightline_planner/src/straight_line_planner.cpp:54:61:[m[K [01;31m[Kerror: [m[Kinvalid use of incomplete type â€˜[01m[Kclass nav2_straightline_planner::StraightLine[m[Kâ€™
[2.406s]    54 |   std::shared_ptr<nav2_costmap_2d::Costmap2DROS> costmap_ros[01;31m[K)[m[K
[2.406s]       |                                                             [01;31m[K^[m[K
[2.406s] In file included from [01m[K/home/terra/nav2_ws/src/navigation2_tutorials/nav2_straightline_planner/src/straight_line_planner.cpp:46[m[K:
[2.406s] [01m[K/home/terra/nav2_ws/src/navigation2_tutorials/nav2_straightline_planner/include/nav2_straightline_planner/straight_line_planner.hpp:60:7:[m[K [01;36m[Knote: [m[Kforward declaration of â€˜[01m[Kclass nav2_straightline_planner::StraightLine[m[Kâ€™
[2.406s]    60 | class [01;36m[KStraightLine[m[K : public nav2_core::GlobalPlanner : public rclcpp :: Node
[2.406s]       |       [01;36m[K^~~~~~~~~~~~[m[K
[2.406s] [01m[K/home/terra/nav2_ws/src/navigation2_tutorials/nav2_straightline_planner/src/straight_line_planner.cpp:69:28:[m[K [01;31m[Kerror: [m[Kinvalid use of incomplete type â€˜[01m[Kclass nav2_straightline_planner::StraightLine[m[Kâ€™
[2.406s]    69 | void StraightLine::cleanup([01;31m[K)[m[K
[2.406s]       |                            [01;31m[K^[m[K
[2.406s] In file included from [01m[K/home/terra/nav2_ws/src/navigation2_tutorials/nav2_straightline_planner/src/straight_line_planner.cpp:46[m[K:
[2.406s] [01m[K/home/terra/nav2_ws/src/navigation2_tutorials/nav2_straightline_planner/include/nav2_straightline_planner/straight_line_planner.hpp:60:7:[m[K [01;36m[Knote: [m[Kforward declaration of â€˜[01m[Kclass nav2_straightline_planner::StraightLine[m[Kâ€™
[2.406s]    60 | class [01;36m[KStraightLine[m[K : public nav2_core::GlobalPlanner : public rclcpp :: Node
[2.407s]       |       [01;36m[K^~~~~~~~~~~~[m[K
[2.407s] [01m[K/home/terra/nav2_ws/src/navigation2_tutorials/nav2_straightline_planner/src/straight_line_planner.cpp:76:29:[m[K [01;31m[Kerror: [m[Kinvalid use of incomplete type â€˜[01m[Kclass nav2_straightline_planner::StraightLine[m[Kâ€™
[2.407s]    76 | void StraightLine::activate([01;31m[K)[m[K
[2.407s]       |                             [01;31m[K^[m[K
[2.407s] In file included from [01m[K/home/terra/nav2_ws/src/navigation2_tutorials/nav2_straightline_planner/src/straight_line_planner.cpp:46[m[K:
[2.407s] [01m[K/home/terra/nav2_ws/src/navigation2_tutorials/nav2_straightline_planner/include/nav2_straightline_planner/straight_line_planner.hpp:60:7:[m[K [01;36m[Knote: [m[Kforward declaration of â€˜[01m[Kclass nav2_straightline_planner::StraightLine[m[Kâ€™
[2.407s]    60 | class [01;36m[KStraightLine[m[K : public nav2_core::GlobalPlanner : public rclcpp :: Node
[2.407s]       |       [01;36m[K^~~~~~~~~~~~[m[K
[2.407s] [01m[K/home/terra/nav2_ws/src/navigation2_tutorials/nav2_straightline_planner/src/straight_line_planner.cpp:83:31:[m[K [01;31m[Kerror: [m[Kinvalid use of incomplete type â€˜[01m[Kclass nav2_straightline_planner::StraightLine[m[Kâ€™
[2.407s]    83 | void StraightLine::deactivate([01;31m[K)[m[K
[2.408s]       |                               [01;31m[K^[m[K
[2.408s] In file included from [01m[K/home/terra/nav2_ws/src/navigation2_tutorials/nav2_straightline_planner/src/straight_line_planner.cpp:46[m[K:
[2.408s] [01m[K/home/terra/nav2_ws/src/navigation2_tutorials/nav2_straightline_planner/include/nav2_straightline_planner/straight_line_planner.hpp:60:7:[m[K [01;36m[Knote: [m[Kforward declaration of â€˜[01m[Kclass nav2_straightline_planner::StraightLine[m[Kâ€™
[2.408s]    60 | class [01;36m[KStraightLine[m[K : public nav2_core::GlobalPlanner : public rclcpp :: Node
[2.408s]       |       [01;36m[K^~~~~~~~~~~~[m[K
[2.408s] [01m[K/home/terra/nav2_ws/src/navigation2_tutorials/nav2_straightline_planner/src/straight_line_planner.cpp:92:47:[m[K [01;31m[Kerror: [m[Kinvalid use of incomplete type â€˜[01m[Kclass nav2_straightline_planner::StraightLine[m[Kâ€™
[2.408s]    92 |   const geometry_msgs::msg::PoseStamped & goal[01;31m[K)[m[K
[2.408s]       |                                               [01;31m[K^[m[K
[2.408s] In file included from [01m[K/home/terra/nav2_ws/src/navigation2_tutorials/nav2_straightline_planner/src/straight_line_planner.cpp:46[m[K:
[2.408s] [01m[K/home/terra/nav2_ws/src/navigation2_tutorials/nav2_straightline_planner/include/nav2_straightline_planner/straight_line_planner.hpp:60:7:[m[K [01;36m[Knote: [m[Kforward declaration of â€˜[01m[Kclass nav2_straightline_planner::StraightLine[m[Kâ€™
[2.408s]    60 | class [01;36m[KStraightLine[m[K : public nav2_core::GlobalPlanner : public rclcpp :: Node
[2.408s]       |       [01;36m[K^~~~~~~~~~~~[m[K
[3.212s] In file included from [01m[K/opt/ros/foxy/include/class_loader/class_loader_core.hpp:57[m[K,
[3.212s]                  from [01m[K/opt/ros/foxy/include/class_loader/class_loader.hpp:55[m[K,
[3.213s]                  from [01m[K/opt/ros/foxy/include/class_loader/multi_library_class_loader.hpp:52[m[K,
[3.213s]                  from [01m[K/opt/ros/foxy/include/pluginlib/class_loader.hpp:58[m[K,
[3.213s]                  from [01m[K/home/terra/nav2_ws/install/nav2_costmap_2d/include/nav2_costmap_2d/costmap_2d_ros.hpp:53[m[K,
[3.213s]                  from [01m[K/home/terra/nav2_ws/install/nav2_core/include/nav2_core/global_planner.hpp:21[m[K,
[3.213s]                  from [01m[K/home/terra/nav2_ws/src/navigation2_tutorials/nav2_straightline_planner/include/nav2_straightline_planner/straight_line_planner.hpp:51[m[K,
[3.213s]                  from [01m[K/home/terra/nav2_ws/src/navigation2_tutorials/nav2_straightline_planner/src/straight_line_planner.cpp:46[m[K:
[3.213s] /opt/ros/foxy/include/class_loader/meta_object.hpp: In instantiation of â€˜[01m[KB* class_loader::impl::MetaObject<C, B>::create() const [with C = nav2_straightline_planner::StraightLine; B = nav2_core::GlobalPlanner][m[Kâ€™:
[3.214s] [01m[K/opt/ros/foxy/include/class_loader/meta_object.hpp:216:7:[m[K   required from here
[3.214s] [01m[K/opt/ros/foxy/include/class_loader/meta_object.hpp:218:12:[m[K [01;31m[Kerror: [m[Kinvalid use of incomplete type â€˜[01m[Kclass nav2_straightline_planner::StraightLine[m[Kâ€™
[3.214s]   218 |     return [01;31m[Knew C[m[K;
[3.214s]       |            [01;31m[K^~~~~[m[K
[3.214s] In file included from [01m[K/home/terra/nav2_ws/src/navigation2_tutorials/nav2_straightline_planner/src/straight_line_planner.cpp:46[m[K:
[3.214s] [01m[K/home/terra/nav2_ws/src/navigation2_tutorials/nav2_straightline_planner/include/nav2_straightline_planner/straight_line_planner.hpp:60:7:[m[K [01;36m[Knote: [m[Kforward declaration of â€˜[01m[Kclass nav2_straightline_planner::StraightLine[m[Kâ€™
[3.215s]    60 | class [01;36m[KStraightLine[m[K : public nav2_core::GlobalPlanner : public rclcpp :: Node
[3.215s]       |       [01;36m[K^~~~~~~~~~~~[m[K
[3.355s] make[2]: *** [CMakeFiles/nav2_straightline_planner_plugin.dir/build.make:63: CMakeFiles/nav2_straightline_planner_plugin.dir/src/straight_line_planner.cpp.o] Error 1
[3.356s] make[1]: *** [CMakeFiles/Makefile2:78: CMakeFiles/nav2_straightline_planner_plugin.dir/all] Error 2
[3.356s] make: *** [Makefile:141: all] Error 2
[3.359s] Invoked command in '/home/terra/nav2_ws/build/nav2_straightline_planner' returned '2': CMAKE_PREFIX_PATH=/home/terra/nav2_ws/install/nav2_core:/home/terra/nav2_ws/install/nav2_costmap_2d:/home/terra/nav2_ws/install/nav2_util:/home/terra/nav2_ws/install/nav2_voxel_grid:/home/terra/nav2_ws/install/nav2_msgs:/home/terra/nav2_ws/install/nav2_common:/home/terra/nav2_ws/install/nav2_system_tests:/home/terra/nav2_ws/install/nav2_bringup:/home/terra/nav2_ws/install/navigation2:/home/terra/nav2_ws/install/smac_planner:/home/terra/nav2_ws/install/nav2_dwb_controller:/home/terra/nav2_ws/install/nav2_controller:/home/terra/nav2_ws/install/dwb_plugins:/home/terra/nav2_ws/install/dwb_critics:/home/terra/nav2_ws/install/dwb_core:/home/terra/nav2_ws/install/nav_2d_utils:/home/terra/nav2_ws/install/dwb_msgs:/home/terra/nav2_ws/install/nav_2d_msgs:/home/terra/nav2_ws/install/nav2_waypoint_follower:/home/terra/nav2_ws/install/nav2_straightline_planner:/home/terra/nav2_ws/install/nav2_regulated_pure_pursuit_controller:/home/terra/nav2_ws/install/nav2_recoveries:/home/terra/nav2_ws/install/nav2_planner:/home/terra/nav2_ws/install/nav2_navfn_planner:/home/terra/nav2_ws/install/costmap_queue:/home/terra/nav2_ws/install/nav2_rviz_plugins:/home/terra/nav2_ws/install/nav2_map_server:/home/terra/nav2_ws/install/nav2_lifecycle_manager:/home/terra/nav2_ws/install/nav2_bt_navigator:/home/terra/nav2_ws/install/nav2_behavior_tree:/home/terra/nav2_ws/install/nav2_amcl:/home/terra/nav2_ws/install/nav2_gazebo_spawner:/opt/ros/foxy LD_LIBRARY_PATH=/home/terra/nav2_ws/install/nav2_costmap_2d/lib:/home/terra/nav2_ws/install/nav2_util/lib:/home/terra/nav2_ws/install/nav2_voxel_grid/lib:/home/terra/nav2_ws/install/nav2_msgs/lib:/home/terra/nav2_ws/install/smac_planner/lib:/home/terra/nav2_ws/install/nav2_controller/lib:/home/terra/nav2_ws/install/dwb_plugins/lib:/home/terra/nav2_ws/install/dwb_critics/lib:/home/terra/nav2_ws/install/dwb_core/lib:/home/terra/nav2_ws/install/nav_2d_utils/lib:/home/terra/nav2_ws/install/dwb_msgs/lib:/home/terra/nav2_ws/install/nav_2d_msgs/lib:/home/terra/nav2_ws/install/nav2_waypoint_follower/lib:/home/terra/nav2_ws/install/nav2_straightline_planner/lib:/home/terra/nav2_ws/install/nav2_regulated_pure_pursuit_controller/lib:/home/terra/nav2_ws/install/nav2_recoveries/lib:/home/terra/nav2_ws/install/nav2_planner/lib:/home/terra/nav2_ws/install/nav2_navfn_planner/lib:/home/terra/nav2_ws/install/costmap_queue/lib:/home/terra/nav2_ws/install/nav2_rviz_plugins/lib:/home/terra/nav2_ws/install/nav2_map_server/lib:/home/terra/nav2_ws/install/nav2_lifecycle_manager/lib:/home/terra/nav2_ws/install/nav2_bt_navigator/lib:/home/terra/nav2_ws/install/nav2_behavior_tree/lib:/home/terra/nav2_ws/install/nav2_amcl/lib:/usr/lib/x86_64-linux-gnu/gazebo-11/plugins:/opt/ros/foxy/opt/yaml_cpp_vendor/lib:/opt/ros/foxy/opt/rviz_ogre_vendor/lib:/opt/ros/foxy/lib/x86_64-linux-gnu:/opt/ros/foxy/lib PYTHONPATH=/home/terra/nav2_ws/install/nav2_msgs/lib/python3.8/site-packages:/home/terra/nav2_ws/install/nav2_common/lib/python3.8/site-packages:/home/terra/nav2_ws/install/dwb_msgs/lib/python3.8/site-packages:/home/terra/nav2_ws/install/nav_2d_msgs/lib/python3.8/site-packages:/home/terra/nav2_ws/build/nav2_gazebo_spawner:/home/terra/nav2_ws/install/nav2_gazebo_spawner/lib/python3.8/site-packages:/opt/ros/foxy/lib/python3.8/site-packages /usr/bin/cmake --build /home/terra/nav2_ws/build/nav2_straightline_planner -- -j8 -l8
