[0.036s] Invoking command in '/home/terra/nav2_ws/build/nav2_straightline_planner': AMENT_PREFIX_PATH=/home/terra/nav2_ws/install/nav2_core:/home/terra/nav2_ws/install/nav2_costmap_2d:/home/terra/nav2_ws/install/nav2_util:/home/terra/nav2_ws/install/nav2_voxel_grid:/home/terra/nav2_ws/install/nav2_msgs:/home/terra/nav2_ws/install/nav2_common:${AMENT_PREFIX_PATH} CMAKE_PREFIX_PATH=/home/terra/nav2_ws/install/nav2_core:/home/terra/nav2_ws/install/nav2_costmap_2d:/home/terra/nav2_ws/install/nav2_util:/home/terra/nav2_ws/install/nav2_voxel_grid:/home/terra/nav2_ws/install/nav2_msgs:/home/terra/nav2_ws/install/nav2_common:/opt/ros/foxy LD_LIBRARY_PATH=/home/terra/nav2_ws/install/nav2_costmap_2d/lib:/home/terra/nav2_ws/install/nav2_util/lib:/home/terra/nav2_ws/install/nav2_voxel_grid/lib:/home/terra/nav2_ws/install/nav2_msgs/lib:${LD_LIBRARY_PATH} PYTHONPATH=/home/terra/nav2_ws/install/nav2_msgs/lib/python3.8/site-packages:/home/terra/nav2_ws/install/nav2_common/lib/python3.8/site-packages:${PYTHONPATH} /usr/bin/cmake --build /home/terra/nav2_ws/build/nav2_straightline_planner -- -j8 -l8
[0.112s] [35m[1mScanning dependencies of target nav2_straightline_planner_plugin[0m
[0.187s] [ 50%] [32mBuilding CXX object CMakeFiles/nav2_straightline_planner_plugin.dir/src/straight_line_planner.cpp.o[0m
[3.209s] In file included from [01m[K/home/terra/nav2_ws/src/navigation2_tutorials/nav2_straightline_planner/src/straight_line_planner.cpp:46[m[K:
[3.209s] [01m[K/home/terra/nav2_ws/src/navigation2_tutorials/nav2_straightline_planner/include/nav2_straightline_planner/straight_line_planner.hpp:68:38:[m[K [01;31m[Kerror: [m[Kâ€˜[01m[Krclcpp_lifecycle::LifecycleNode::SharePtr[m[Kâ€™ has not been declared
[3.210s]    68 |     rclcpp_lifecycle::LifecycleNode::[01;31m[KSharePtr[m[K & parent,
[3.210s]       |                                      [01;31m[K^~~~~~~~[m[K
[3.210s] [01m[K/home/terra/nav2_ws/src/navigation2_tutorials/nav2_straightline_planner/include/nav2_straightline_planner/straight_line_planner.hpp:67:8:[m[K [01;31m[Kerror: [m[Kâ€˜[01m[Kvoid nav2_straightline_planner::StraightLine::configure(int&, std::string, std::shared_ptr<tf2_ros::Buffer>, std::shared_ptr<nav2_costmap_2d::Costmap2DROS>)[m[Kâ€™ marked â€˜[01m[Koverride[m[Kâ€™, but does not override
[3.210s]    67 |   void [01;31m[Kconfigure[m[K(
[3.210s]       |        [01;31m[K^~~~~~~~~[m[K
[3.210s] [01m[K/home/terra/nav2_ws/src/navigation2_tutorials/nav2_straightline_planner/src/straight_line_planner.cpp:52:42:[m[K [01;31m[Kerror: [m[Kâ€˜[01m[KSharePtr[m[Kâ€™ in â€˜[01m[Kclass rclcpp_lifecycle::LifecycleNode[m[Kâ€™ does not name a type
[3.210s]    52 |   const rclcpp_lifecycle::LifecycleNode::[01;31m[KSharePtr[m[K & parent,
[3.211s]       |                                          [01;31m[K^~~~~~~~[m[K
[3.211s] [01m[K/home/terra/nav2_ws/src/navigation2_tutorials/nav2_straightline_planner/src/straight_line_planner.cpp:51:6:[m[K [01;31m[Kerror: [m[Kno declaration matches â€˜[01m[Kvoid nav2_straightline_planner::StraightLine::configure(const int&, std::string, std::shared_ptr<tf2_ros::Buffer>, std::shared_ptr<nav2_costmap_2d::Costmap2DROS>)[m[Kâ€™
[3.211s]    51 | void [01;31m[KStraightLine[m[K::configure(
[3.211s]       |      [01;31m[K^~~~~~~~~~~~[m[K
[3.211s] In file included from [01m[K/home/terra/nav2_ws/src/navigation2_tutorials/nav2_straightline_planner/src/straight_line_planner.cpp:46[m[K:
[3.211s] [01m[K/home/terra/nav2_ws/src/navigation2_tutorials/nav2_straightline_planner/include/nav2_straightline_planner/straight_line_planner.hpp:67:8:[m[K [01;36m[Knote: [m[Kcandidate is: â€˜[01m[Kvoid nav2_straightline_planner::StraightLine::configure(int&, std::string, std::shared_ptr<tf2_ros::Buffer>, std::shared_ptr<nav2_costmap_2d::Costmap2DROS>)[m[Kâ€™
[3.211s]    67 |   void [01;36m[Kconfigure[m[K(
[3.211s]       |        [01;36m[K^~~~~~~~~[m[K
[3.212s] [01m[K/home/terra/nav2_ws/src/navigation2_tutorials/nav2_straightline_planner/include/nav2_straightline_planner/straight_line_planner.hpp:60:7:[m[K [01;36m[Knote: [m[Kâ€˜[01m[Kclass nav2_straightline_planner::StraightLine[m[Kâ€™ defined here
[3.212s]    60 | class [01;36m[KStraightLine[m[K : public nav2_core::GlobalPlanner
[3.212s]       |       [01;36m[K^~~~~~~~~~~~[m[K
[4.265s] In file included from [01m[K/opt/ros/foxy/include/class_loader/class_loader_core.hpp:57[m[K,
[4.265s]                  from [01m[K/opt/ros/foxy/include/class_loader/class_loader.hpp:55[m[K,
[4.266s]                  from [01m[K/opt/ros/foxy/include/class_loader/multi_library_class_loader.hpp:52[m[K,
[4.266s]                  from [01m[K/opt/ros/foxy/include/pluginlib/class_loader.hpp:58[m[K,
[4.266s]                  from [01m[K/home/terra/nav2_ws/install/nav2_costmap_2d/include/nav2_costmap_2d/costmap_2d_ros.hpp:53[m[K,
[4.266s]                  from [01m[K/home/terra/nav2_ws/install/nav2_core/include/nav2_core/global_planner.hpp:21[m[K,
[4.266s]                  from [01m[K/home/terra/nav2_ws/src/navigation2_tutorials/nav2_straightline_planner/include/nav2_straightline_planner/straight_line_planner.hpp:51[m[K,
[4.266s]                  from [01m[K/home/terra/nav2_ws/src/navigation2_tutorials/nav2_straightline_planner/src/straight_line_planner.cpp:46[m[K:
[4.266s] /opt/ros/foxy/include/class_loader/meta_object.hpp: In instantiation of â€˜[01m[KB* class_loader::impl::MetaObject<C, B>::create() const [with C = nav2_straightline_planner::StraightLine; B = nav2_core::GlobalPlanner][m[Kâ€™:
[4.266s] [01m[K/opt/ros/foxy/include/class_loader/meta_object.hpp:216:7:[m[K   required from here
[4.266s] [01m[K/opt/ros/foxy/include/class_loader/meta_object.hpp:218:12:[m[K [01;31m[Kerror: [m[Kinvalid new-expression of abstract class type â€˜[01m[Knav2_straightline_planner::StraightLine[m[Kâ€™
[4.266s]   218 |     return [01;31m[Knew C[m[K;
[4.266s]       |            [01;31m[K^~~~~[m[K
[4.266s] In file included from [01m[K/home/terra/nav2_ws/src/navigation2_tutorials/nav2_straightline_planner/src/straight_line_planner.cpp:46[m[K:
[4.266s] [01m[K/home/terra/nav2_ws/src/navigation2_tutorials/nav2_straightline_planner/include/nav2_straightline_planner/straight_line_planner.hpp:60:7:[m[K [01;36m[Knote: [m[K  because the following virtual functions are pure within â€˜[01m[Knav2_straightline_planner::StraightLine[m[Kâ€™:
[4.266s]    60 | class [01;36m[KStraightLine[m[K : public nav2_core::GlobalPlanner
[4.267s]       |       [01;36m[K^~~~~~~~~~~~[m[K
[4.267s] In file included from [01m[K/home/terra/nav2_ws/src/navigation2_tutorials/nav2_straightline_planner/include/nav2_straightline_planner/straight_line_planner.hpp:51[m[K,
[4.267s]                  from [01m[K/home/terra/nav2_ws/src/navigation2_tutorials/nav2_straightline_planner/src/straight_line_planner.cpp:46[m[K:
[4.267s] [01m[K/home/terra/nav2_ws/install/nav2_core/include/nav2_core/global_planner.hpp:50:16:[m[K [01;36m[Knote: [m[K	â€˜[01m[Kvirtual void nav2_core::GlobalPlanner::configure(rclcpp_lifecycle::LifecycleNode::SharedPtr, std::string, std::shared_ptr<tf2_ros::Buffer>, std::shared_ptr<nav2_costmap_2d::Costmap2DROS>)[m[Kâ€™
[4.267s]    50 |   virtual void [01;36m[Kconfigure[m[K(
[4.267s]       |                [01;36m[K^~~~~~~~~[m[K
[4.433s] make[2]: *** [CMakeFiles/nav2_straightline_planner_plugin.dir/build.make:63: CMakeFiles/nav2_straightline_planner_plugin.dir/src/straight_line_planner.cpp.o] Error 1
[4.433s] make[1]: *** [CMakeFiles/Makefile2:78: CMakeFiles/nav2_straightline_planner_plugin.dir/all] Error 2
[4.433s] make: *** [Makefile:141: all] Error 2
[4.437s] Invoked command in '/home/terra/nav2_ws/build/nav2_straightline_planner' returned '2': AMENT_PREFIX_PATH=/home/terra/nav2_ws/install/nav2_core:/home/terra/nav2_ws/install/nav2_costmap_2d:/home/terra/nav2_ws/install/nav2_util:/home/terra/nav2_ws/install/nav2_voxel_grid:/home/terra/nav2_ws/install/nav2_msgs:/home/terra/nav2_ws/install/nav2_common:${AMENT_PREFIX_PATH} CMAKE_PREFIX_PATH=/home/terra/nav2_ws/install/nav2_core:/home/terra/nav2_ws/install/nav2_costmap_2d:/home/terra/nav2_ws/install/nav2_util:/home/terra/nav2_ws/install/nav2_voxel_grid:/home/terra/nav2_ws/install/nav2_msgs:/home/terra/nav2_ws/install/nav2_common:/opt/ros/foxy LD_LIBRARY_PATH=/home/terra/nav2_ws/install/nav2_costmap_2d/lib:/home/terra/nav2_ws/install/nav2_util/lib:/home/terra/nav2_ws/install/nav2_voxel_grid/lib:/home/terra/nav2_ws/install/nav2_msgs/lib:${LD_LIBRARY_PATH} PYTHONPATH=/home/terra/nav2_ws/install/nav2_msgs/lib/python3.8/site-packages:/home/terra/nav2_ws/install/nav2_common/lib/python3.8/site-packages:${PYTHONPATH} /usr/bin/cmake --build /home/terra/nav2_ws/build/nav2_straightline_planner -- -j8 -l8
