[0.019s] Invoking command in '/home/terra/nav2_ws/build/nav2_straightline_demo': CMAKE_PREFIX_PATH=/opt/ros/foxy /usr/bin/cmake --build /home/terra/nav2_ws/build/nav2_straightline_demo -- -j8 -l8
[0.082s] [35m[1mScanning dependencies of target straight_line_demo[0m
[0.163s] [ 50%] [32mBuilding CXX object CMakeFiles/straight_line_demo.dir/src/straight_line_demo.cpp.o[0m
[3.212s] In file included from [01m[K/home/terra/nav2_ws/src/nav2_straightline_demo/src/straight_line_demo.cpp:1[m[K:
[3.212s] [01m[K/home/terra/nav2_ws/src/nav2_straightline_demo/include/nav2_demo/straight_line_demo.hpp:13:56:[m[K [01;31m[Kerror: [m[Kno match for call to â€˜[01m[K(rclcpp::Node) ()[m[Kâ€™
[3.212s]    13 |         ObstacleAvoidance : Node ("ObstacleAvoidance")([01;31m[K)[m[K{
[3.213s]       |                                                        [01;31m[K^[m[K
[3.213s] [01m[K/home/terra/nav2_ws/src/nav2_straightline_demo/include/nav2_demo/straight_line_demo.hpp:13:57:[m[K [01;31m[Kerror: [m[Kdefault member initializer for unnamed bit-field
[3.213s]    13 |         ObstacleAvoidance : Node ("ObstacleAvoidance")()[01;31m[K{[m[K
[3.213s]       |                                                         [01;31m[K^[m[K
[3.213s] [01m[K/home/terra/nav2_ws/src/nav2_straightline_demo/include/nav2_demo/straight_line_demo.hpp:16:9:[m[K [01;31m[Kerror: [m[Kname â€˜[01m[Kobstacle_avoidance::ObstacleAvoidance[m[Kâ€™ has incomplete type
[3.213s]    16 |         [01;31m[K}[m[K;
[3.213s]       |         [01;31m[K^[m[K
[3.387s] [01m[K/home/terra/nav2_ws/src/nav2_straightline_demo/src/straight_line_demo.cpp:[m[K In member function â€˜[01m[Kvoid obstacle_avoidance::ObstacleAvoidance::getPlannerPath()[m[Kâ€™:
[3.387s] [01m[K/home/terra/nav2_ws/src/nav2_straightline_demo/src/straight_line_demo.cpp:12:96:[m[K [01;31m[Kerror: [m[Kno match for â€˜[01m[Koperator=[m[Kâ€™ (operand types are â€˜[01m[Krclcpp::Subscription<nav_msgs::msg::Path_<std::allocator<void> > >::SharedPtr[m[Kâ€™ {aka â€˜[01m[Kstd::shared_ptr<rclcpp::Subscription<nav_msgs::msg::Path_<std::allocator<void> > > >[m[Kâ€™} and â€˜[01m[Kstd::shared_ptr<rclcpp::Publisher<nav_msgs::msg::Path_<std::allocator<void> >, std::allocator<void> > >[m[Kâ€™)
[3.387s]    12 | er<nav_msgs::msg::Path>("/ObstacleAvoidance/planner_path", 10[01;31m[K)[m[K;
[3.387s]       |                                                              [01;31m[K^[m[K
[3.387s] 
[3.387s] In file included from [01m[K/usr/include/c++/9/memory:81[m[K,
[3.388s]                  from [01m[K/usr/include/x86_64-linux-gnu/c++/9/bits/stdc++.h:82[m[K,
[3.388s]                  from [01m[K/home/terra/nav2_ws/src/nav2_straightline_demo/include/nav2_demo/straight_line_demo.hpp:1[m[K,
[3.388s]                  from [01m[K/home/terra/nav2_ws/src/nav2_straightline_demo/src/straight_line_demo.cpp:1[m[K:
[3.388s] [01m[K/usr/include/c++/9/bits/shared_ptr.h:309:19:[m[K [01;36m[Knote: [m[Kcandidate: â€˜[01m[Kstd::shared_ptr<_Tp>& std::shared_ptr<_Tp>::operator=(const std::shared_ptr<_Tp>&) [with _Tp = rclcpp::Subscription<nav_msgs::msg::Path_<std::allocator<void> > >][m[Kâ€™
[3.388s]   309 |       shared_ptr& [01;36m[Koperator[m[K=(const shared_ptr&) noexcept = default;
[3.388s]       |                   [01;36m[K^~~~~~~~[m[K
[3.388s] [01m[K/usr/include/c++/9/bits/shared_ptr.h:309:29:[m[K [01;36m[Knote: [m[K  no known conversion for argument 1 from â€˜[01m[Kstd::shared_ptr<rclcpp::Publisher<nav_msgs::msg::Path_<std::allocator<void> >, std::allocator<void> > >[m[Kâ€™ to â€˜[01m[Kconst std::shared_ptr<rclcpp::Subscription<nav_msgs::msg::Path_<std::allocator<void> > > >&[m[Kâ€™
[3.389s]   309 |       shared_ptr& operator=([01;36m[Kconst shared_ptr&[m[K) noexcept = default;
[3.389s]       |                             [01;36m[K^~~~~~~~~~~~~~~~~[m[K
[3.389s] [01m[K/usr/include/c++/9/bits/shared_ptr.h:313:2:[m[K [01;36m[Knote: [m[Kcandidate: â€˜[01m[Ktemplate<class _Yp> std::shared_ptr<_Tp>::_Assignable<const std::shared_ptr<_Yp>&> std::shared_ptr<_Tp>::operator=(const std::shared_ptr<_Yp>&) [with _Yp = _Yp; _Tp = rclcpp::Subscription<nav_msgs::msg::Path_<std::allocator<void> > >][m[Kâ€™
[3.389s]   313 |  [01;36m[Koperator[m[K=(const shared_ptr<_Yp>& __r) noexcept
[3.389s]       |  [01;36m[K^~~~~~~~[m[K
[3.389s] [01m[K/usr/include/c++/9/bits/shared_ptr.h:313:2:[m[K [01;36m[Knote: [m[K  template argument deduction/substitution failed:
[3.389s] /usr/include/c++/9/bits/shared_ptr.h: In substitution of â€˜[01m[Ktemplate<class _Tp> template<class _Arg> using _Assignable = typename std::enable_if<std::is_assignable<std::__shared_ptr<_Tp>&, _Arg>::value, std::shared_ptr<_Tp>&>::type [with _Arg = const std::shared_ptr<rclcpp::Publisher<nav_msgs::msg::Path_<std::allocator<void> >, std::allocator<void> > >&; _Tp = rclcpp::Subscription<nav_msgs::msg::Path_<std::allocator<void> > >][m[Kâ€™:
[3.390s] [01m[K/usr/include/c++/9/bits/shared_ptr.h:313:2:[m[K   required by substitution of â€˜[01m[Ktemplate<class _Yp> std::shared_ptr<rclcpp::Subscription<nav_msgs::msg::Path_<std::allocator<void> > > >::_Assignable<const std::shared_ptr<_Tp>&> std::shared_ptr<rclcpp::Subscription<nav_msgs::msg::Path_<std::allocator<void> > > >::operator=<_Yp>(const std::shared_ptr<_Tp>&) [with _Yp = rclcpp::Publisher<nav_msgs::msg::Path_<std::allocator<void> >, std::allocator<void> >][m[Kâ€™
[3.390s] [01m[K/home/terra/nav2_ws/src/nav2_straightline_demo/src/straight_line_demo.cpp:12:96:[m[K   required from here
[3.390s] [01m[K/usr/include/c++/9/bits/shared_ptr.h:111:8:[m[K [01;31m[Kerror: [m[Kno type named â€˜[01m[Ktype[m[Kâ€™ in â€˜[01m[Kstruct std::enable_if<false, std::shared_ptr<rclcpp::Subscription<nav_msgs::msg::Path_<std::allocator<void> > > >&>[m[Kâ€™
[3.390s]   111 |  using [01;31m[K_Assignable[m[K = typename enable_if<
[3.390s]       |        [01;31m[K^~~~~~~~~~~[m[K
[3.390s] [01m[K/usr/include/c++/9/bits/shared_ptr.h:324:2:[m[K [01;36m[Knote: [m[Kcandidate: â€˜[01m[Ktemplate<class _Yp> std::shared_ptr<_Tp>::_Assignable<std::auto_ptr<_Up> > std::shared_ptr<_Tp>::operator=(std::auto_ptr<_Up>&&) [with _Yp = _Yp; _Tp = rclcpp::Subscription<nav_msgs::msg::Path_<std::allocator<void> > >][m[Kâ€™
[3.390s]   324 |  [01;36m[Koperator[m[K=(auto_ptr<_Yp>&& __r)
[3.391s]       |  [01;36m[K^~~~~~~~[m[K
[3.391s] [01m[K/usr/include/c++/9/bits/shared_ptr.h:324:2:[m[K [01;36m[Knote: [m[K  template argument deduction/substitution failed:
[3.391s] [01m[K/home/terra/nav2_ws/src/nav2_straightline_demo/src/straight_line_demo.cpp:12:96:[m[K [01;36m[Knote: [m[K  â€˜[01m[Kstd::shared_ptr<rclcpp::Publisher<nav_msgs::msg::Path_<std::allocator<void> >, std::allocator<void> > >[m[Kâ€™ is not derived from â€˜[01m[Kstd::auto_ptr<_Up>[m[Kâ€™
[3.391s]    12 | er<nav_msgs::msg::Path>("/ObstacleAvoidance/planner_path", 10[01;36m[K)[m[K;
[3.391s]       |                                                              [01;36m[K^[m[K
[3.392s] 
[3.392s] In file included from [01m[K/usr/include/c++/9/memory:81[m[K,
[3.392s]                  from [01m[K/usr/include/x86_64-linux-gnu/c++/9/bits/stdc++.h:82[m[K,
[3.392s]                  from [01m[K/home/terra/nav2_ws/src/nav2_straightline_demo/include/nav2_demo/straight_line_demo.hpp:1[m[K,
[3.392s]                  from [01m[K/home/terra/nav2_ws/src/nav2_straightline_demo/src/straight_line_demo.cpp:1[m[K:
[3.392s] [01m[K/usr/include/c++/9/bits/shared_ptr.h:333:7:[m[K [01;36m[Knote: [m[Kcandidate: â€˜[01m[Kstd::shared_ptr<_Tp>& std::shared_ptr<_Tp>::operator=(std::shared_ptr<_Tp>&&) [with _Tp = rclcpp::Subscription<nav_msgs::msg::Path_<std::allocator<void> > >][m[Kâ€™
[3.392s]   333 |       [01;36m[Koperator[m[K=(shared_ptr&& __r) noexcept
[3.393s]       |       [01;36m[K^~~~~~~~[m[K
[3.393s] [01m[K/usr/include/c++/9/bits/shared_ptr.h:333:30:[m[K [01;36m[Knote: [m[K  no known conversion for argument 1 from â€˜[01m[Kstd::shared_ptr<rclcpp::Publisher<nav_msgs::msg::Path_<std::allocator<void> >, std::allocator<void> > >[m[Kâ€™ to â€˜[01m[Kstd::shared_ptr<rclcpp::Subscription<nav_msgs::msg::Path_<std::allocator<void> > > >&&[m[Kâ€™
[3.393s]   333 |       operator=([01;36m[Kshared_ptr&& __r[m[K) noexcept
[3.393s]       |                 [01;36m[K~~~~~~~~~~~~~^~~[m[K
[3.393s] [01m[K/usr/include/c++/9/bits/shared_ptr.h:341:2:[m[K [01;36m[Knote: [m[Kcandidate: â€˜[01m[Ktemplate<class _Yp> std::shared_ptr<_Tp>::_Assignable<std::shared_ptr<_Yp> > std::shared_ptr<_Tp>::operator=(std::shared_ptr<_Yp>&&) [with _Yp = _Yp; _Tp = rclcpp::Subscription<nav_msgs::msg::Path_<std::allocator<void> > >][m[Kâ€™
[3.393s]   341 |  [01;36m[Koperator[m[K=(shared_ptr<_Yp>&& __r) noexcept
[3.394s]       |  [01;36m[K^~~~~~~~[m[K
[3.394s] [01m[K/usr/include/c++/9/bits/shared_ptr.h:341:2:[m[K [01;36m[Knote: [m[K  template argument deduction/substitution failed:
[3.394s] /usr/include/c++/9/bits/shared_ptr.h: In substitution of â€˜[01m[Ktemplate<class _Tp> template<class _Arg> using _Assignable = typename std::enable_if<std::is_assignable<std::__shared_ptr<_Tp>&, _Arg>::value, std::shared_ptr<_Tp>&>::type [with _Arg = std::shared_ptr<rclcpp::Publisher<nav_msgs::msg::Path_<std::allocator<void> >, std::allocator<void> > >; _Tp = rclcpp::Subscription<nav_msgs::msg::Path_<std::allocator<void> > >][m[Kâ€™:
[3.394s] [01m[K/usr/include/c++/9/bits/shared_ptr.h:341:2:[m[K   required by substitution of â€˜[01m[Ktemplate<class _Yp> std::shared_ptr<rclcpp::Subscription<nav_msgs::msg::Path_<std::allocator<void> > > >::_Assignable<std::shared_ptr<_Tp> > std::shared_ptr<rclcpp::Subscription<nav_msgs::msg::Path_<std::allocator<void> > > >::operator=<_Yp>(std::shared_ptr<_Tp>&&) [with _Yp = rclcpp::Publisher<nav_msgs::msg::Path_<std::allocator<void> >, std::allocator<void> >][m[Kâ€™
[3.394s] [01m[K/home/terra/nav2_ws/src/nav2_straightline_demo/src/straight_line_demo.cpp:12:96:[m[K   required from here
[3.394s] [01m[K/usr/include/c++/9/bits/shared_ptr.h:111:8:[m[K [01;31m[Kerror: [m[Kno type named â€˜[01m[Ktype[m[Kâ€™ in â€˜[01m[Kstruct std::enable_if<false, std::shared_ptr<rclcpp::Subscription<nav_msgs::msg::Path_<std::allocator<void> > > >&>[m[Kâ€™
[3.395s]   111 |  using [01;31m[K_Assignable[m[K = typename enable_if<
[3.395s]       |        [01;31m[K^~~~~~~~~~~[m[K
[3.395s] [01m[K/usr/include/c++/9/bits/shared_ptr.h:349:2:[m[K [01;36m[Knote: [m[Kcandidate: â€˜[01m[Ktemplate<class _Yp, class _Del> std::shared_ptr<_Tp>::_Assignable<std::unique_ptr<_Up, _Ep> > std::shared_ptr<_Tp>::operator=(std::unique_ptr<_Up, _Ep>&&) [with _Yp = _Yp; _Del = _Del; _Tp = rclcpp::Subscription<nav_msgs::msg::Path_<std::allocator<void> > >][m[Kâ€™
[3.395s]   349 |  [01;36m[Koperator[m[K=(unique_ptr<_Yp, _Del>&& __r)
[3.395s]       |  [01;36m[K^~~~~~~~[m[K
[3.395s] [01m[K/usr/include/c++/9/bits/shared_ptr.h:349:2:[m[K [01;36m[Knote: [m[K  template argument deduction/substitution failed:
[3.396s] [01m[K/home/terra/nav2_ws/src/nav2_straightline_demo/src/straight_line_demo.cpp:12:96:[m[K [01;36m[Knote: [m[K  â€˜[01m[Kstd::shared_ptr<rclcpp::Publisher<nav_msgs::msg::Path_<std::allocator<void> >, std::allocator<void> > >[m[Kâ€™ is not derived from â€˜[01m[Kstd::unique_ptr<_Tp, _Dp>[m[Kâ€™
[3.396s]    12 | er<nav_msgs::msg::Path>("/ObstacleAvoidance/planner_path", 10[01;36m[K)[m[K;
[3.396s]       |                                                              [01;36m[K^[m[K
[3.396s] 
[3.396s] [01m[K/home/terra/nav2_ws/src/nav2_straightline_demo/src/straight_line_demo.cpp:13:16:[m[K [01;31m[Kerror: [m[Kâ€˜[01m[Kusing element_type = class rclcpp::Subscription<nav_msgs::msg::Path_<std::allocator<void> > >[m[Kâ€™ {aka â€˜[01m[Kclass rclcpp::Subscription<nav_msgs::msg::Path_<std::allocator<void> > >[m[Kâ€™} has no member named â€˜[01m[Kpublish[m[Kâ€™
[3.396s]    13 |   path_pub_ -> [01;31m[Kpublish[m[K(path);
[3.397s]       |                [01;31m[K^~~~~~~[m[K
[6.267s] make[2]: *** [CMakeFiles/straight_line_demo.dir/build.make:63: CMakeFiles/straight_line_demo.dir/src/straight_line_demo.cpp.o] Error 1
[6.267s] make[1]: *** [CMakeFiles/Makefile2:78: CMakeFiles/straight_line_demo.dir/all] Error 2
[6.268s] make: *** [Makefile:141: all] Error 2
[6.271s] Invoked command in '/home/terra/nav2_ws/build/nav2_straightline_demo' returned '2': CMAKE_PREFIX_PATH=/opt/ros/foxy /usr/bin/cmake --build /home/terra/nav2_ws/build/nav2_straightline_demo -- -j8 -l8
