[0.033s] Invoking command in '/home/terra/nav2_ws/build/nav2_straightline_demo': CMAKE_PREFIX_PATH=${CMAKE_PREFIX_PATH}:/home/terra/nav2_ws/install/nav2_gazebo_spawner:/opt/ros/foxy /usr/bin/cmake --build /home/terra/nav2_ws/build/nav2_straightline_demo -- -j8 -l8
[0.133s] [35m[1mScanning dependencies of target straightline_demo[0m
[0.218s] [ 50%] [32mBuilding CXX object CMakeFiles/straightline_demo.dir/src/straight_line_demo.cpp.o[0m
[4.240s] In file included from [01m[K/home/terra/nav2_ws/src/nav2_straightline_demo/src/straight_line_demo.cpp:1[m[K:
[4.240s] [01m[K/home/terra/nav2_ws/src/nav2_straightline_demo/include/nav2_demo/straight_line_demo.hpp:[m[K In lambda function:
[4.241s] [01m[K/home/terra/nav2_ws/src/nav2_straightline_demo/include/nav2_demo/straight_line_demo.hpp:18:60:[m[K [01;31m[Kerror: [m[Kpassing â€˜[01m[Kconst Path[m[Kâ€™ {aka â€˜[01m[Kconst nav_msgs::msg::Path_<std::allocator<void> >[m[Kâ€™} as â€˜[01m[Kthis[m[Kâ€™ argument discards qualifiers [[01;31m[K-fpermissive[m[K]
[4.241s]    18 |                 path = action_server_->get_current_goal()->[01;31m[Kpath[m[K;
[4.241s]       |                                                            [01;31m[K^~~~[m[K
[4.241s] In file included from [01m[K/opt/ros/foxy/include/nav_msgs/msg/path.hpp:7[m[K,
[4.241s]                  from [01m[K/opt/ros/foxy/include/nav2_core/controller.hpp:49[m[K,
[4.241s]                  from [01m[K/home/terra/nav2_ws/src/nav2_straightline_demo/include/nav2_demo/straight_line_demo.hpp:2[m[K,
[4.241s]                  from [01m[K/home/terra/nav2_ws/src/nav2_straightline_demo/src/straight_line_demo.cpp:1[m[K:
[4.241s] [01m[K/opt/ros/foxy/include/nav_msgs/msg/detail/path__struct.hpp:37:8:[m[K [01;36m[Knote: [m[K  in call to â€˜[01m[Knav_msgs::msg::Path_<std::allocator<void> >& nav_msgs::msg::Path_<std::allocator<void> >::operator=(const nav_msgs::msg::Path_<std::allocator<void> >&)[m[Kâ€™
[4.241s]    37 | struct [01;36m[KPath_[m[K
[4.242s]       |        [01;36m[K^~~~~[m[K
[7.928s] make[2]: *** [CMakeFiles/straightline_demo.dir/build.make:63: CMakeFiles/straightline_demo.dir/src/straight_line_demo.cpp.o] Error 1
[7.928s] make[1]: *** [CMakeFiles/Makefile2:78: CMakeFiles/straightline_demo.dir/all] Error 2
[7.929s] make: *** [Makefile:141: all] Error 2
[7.932s] Invoked command in '/home/terra/nav2_ws/build/nav2_straightline_demo' returned '2': CMAKE_PREFIX_PATH=${CMAKE_PREFIX_PATH}:/home/terra/nav2_ws/install/nav2_gazebo_spawner:/opt/ros/foxy /usr/bin/cmake --build /home/terra/nav2_ws/build/nav2_straightline_demo -- -j8 -l8
