[01m[K/home/terra/nav2_ws/src/nav2_straightline_demo/src/straight_line_demo.cpp:[m[K In function â€˜[01m[Kint main(int, char**)[m[Kâ€™:
[01m[K/home/terra/nav2_ws/src/nav2_straightline_demo/src/straight_line_demo.cpp:13:24:[m[K [01;31m[Kerror: [m[Kâ€˜[01m[Kendl[m[Kâ€™ was not declared in this scope; did you mean â€˜[01m[Kstd::endl[m[Kâ€™?
   13 |   std:: cout << "1" << [01;31m[Kendl[m[K;
      |                        [01;31m[K^~~~[m[K
      |                        [32m[Kstd::endl[m[K
In file included from [01m[K/usr/include/c++/9/istream:39[m[K,
                 from [01m[K/usr/include/c++/9/sstream:38[m[K,
                 from [01m[K/usr/include/c++/9/complex:45[m[K,
                 from [01m[K/usr/include/c++/9/ccomplex:39[m[K,
                 from [01m[K/usr/include/x86_64-linux-gnu/c++/9/bits/stdc++.h:54[m[K,
                 from [01m[K/home/terra/nav2_ws/src/nav2_straightline_demo/include/nav2_demo/straight_line_demo.hpp:1[m[K,
                 from [01m[K/home/terra/nav2_ws/src/nav2_straightline_demo/src/straight_line_demo.cpp:1[m[K:
[01m[K/usr/include/c++/9/ostream:599:5:[m[K [01;36m[Knote: [m[Kâ€˜[01m[Kstd::endl[m[Kâ€™ declared here
  599 |     [01;36m[Kendl[m[K(basic_ostream<_CharT, _Traits>& __os)
      |     [01;36m[K^~~~[m[K
make[2]: *** [CMakeFiles/straightline_demo.dir/build.make:63: CMakeFiles/straightline_demo.dir/src/straight_line_demo.cpp.o] Error 1
make[1]: *** [CMakeFiles/Makefile2:78: CMakeFiles/straightline_demo.dir/all] Error 2
make: *** [Makefile:141: all] Error 2
