[0.035s] Invoking command in '/home/terra/nav2_ws/build/nav2_straightline_demo': CMAKE_PREFIX_PATH=${CMAKE_PREFIX_PATH}:/home/terra/nav2_ws/install/nav2_gazebo_spawner:/opt/ros/foxy /usr/bin/cmake --build /home/terra/nav2_ws/build/nav2_straightline_demo -- -j8 -l8
[0.138s] [35m[1mScanning dependencies of target straightline_demo[0m
[0.226s] [ 50%] [32mBuilding CXX object CMakeFiles/straightline_demo.dir/src/straight_line_demo.cpp.o[0m
[3.904s] [01m[K/home/terra/nav2_ws/src/nav2_straightline_demo/src/straight_line_demo.cpp:[m[K In function â€˜[01m[Kint main(int, char**)[m[Kâ€™:
[3.904s] [01m[K/home/terra/nav2_ws/src/nav2_straightline_demo/src/straight_line_demo.cpp:13:24:[m[K [01;31m[Kerror: [m[Kâ€˜[01m[Kendl[m[Kâ€™ was not declared in this scope; did you mean â€˜[01m[Kstd::endl[m[Kâ€™?
[3.904s]    13 |   std:: cout << "1" << [01;31m[Kendl[m[K;
[3.904s]       |                        [01;31m[K^~~~[m[K
[3.904s]       |                        [32m[Kstd::endl[m[K
[3.904s] In file included from [01m[K/usr/include/c++/9/istream:39[m[K,
[3.905s]                  from [01m[K/usr/include/c++/9/sstream:38[m[K,
[3.905s]                  from [01m[K/usr/include/c++/9/complex:45[m[K,
[3.905s]                  from [01m[K/usr/include/c++/9/ccomplex:39[m[K,
[3.905s]                  from [01m[K/usr/include/x86_64-linux-gnu/c++/9/bits/stdc++.h:54[m[K,
[3.905s]                  from [01m[K/home/terra/nav2_ws/src/nav2_straightline_demo/include/nav2_demo/straight_line_demo.hpp:1[m[K,
[3.905s]                  from [01m[K/home/terra/nav2_ws/src/nav2_straightline_demo/src/straight_line_demo.cpp:1[m[K:
[3.905s] [01m[K/usr/include/c++/9/ostream:599:5:[m[K [01;36m[Knote: [m[Kâ€˜[01m[Kstd::endl[m[Kâ€™ declared here
[3.905s]   599 |     [01;36m[Kendl[m[K(basic_ostream<_CharT, _Traits>& __os)
[3.905s]       |     [01;36m[K^~~~[m[K
[7.087s] make[2]: *** [CMakeFiles/straightline_demo.dir/build.make:63: CMakeFiles/straightline_demo.dir/src/straight_line_demo.cpp.o] Error 1
[7.088s] make[1]: *** [CMakeFiles/Makefile2:78: CMakeFiles/straightline_demo.dir/all] Error 2
[7.088s] make: *** [Makefile:141: all] Error 2
[7.091s] Invoked command in '/home/terra/nav2_ws/build/nav2_straightline_demo' returned '2': CMAKE_PREFIX_PATH=${CMAKE_PREFIX_PATH}:/home/terra/nav2_ws/install/nav2_gazebo_spawner:/opt/ros/foxy /usr/bin/cmake --build /home/terra/nav2_ws/build/nav2_straightline_demo -- -j8 -l8
