[0.017s] Invoking command in '/home/terra/nav2_ws/build/nav2_straightline_demo': CMAKE_PREFIX_PATH=/opt/ros/foxy /usr/bin/cmake /home/terra/nav2_ws/src/nav2_straightline_demo -DCMAKE_INSTALL_PREFIX=/home/terra/nav2_ws/install/nav2_straightline_demo
[0.037s] -- Found ament_cmake: 0.9.9 (/opt/ros/foxy/share/ament_cmake/cmake)
[0.060s] -- Using PYTHON_EXECUTABLE: /usr/bin/python3
[0.279s] -- Found rclcpp: 2.4.1 (/opt/ros/foxy/share/rclcpp/cmake)
[0.318s] -- Using all available rosidl_typesupport_c: rosidl_typesupport_fastrtps_c;rosidl_typesupport_introspection_c
[0.322s] -- Found rosidl_adapter: 1.2.1 (/opt/ros/foxy/share/rosidl_adapter/cmake)
[0.466s] -- Using all available rosidl_typesupport_cpp: rosidl_typesupport_fastrtps_cpp;rosidl_typesupport_introspection_cpp
[0.543s] -- Found rmw_implementation_cmake: 1.0.3 (/opt/ros/foxy/share/rmw_implementation_cmake/cmake)
[0.545s] -- Using RMW implementation 'rmw_fastrtps_cpp' as default
[0.725s] -- Found rclcpp_action: 2.4.1 (/opt/ros/foxy/share/rclcpp_action/cmake)
[0.809s] -- Found rclcpp_lifecycle: 2.4.1 (/opt/ros/foxy/share/rclcpp_lifecycle/cmake)
[0.841s] -- Found visualization_msgs: 2.0.5 (/opt/ros/foxy/share/visualization_msgs/cmake)
[0.976s] -- Found nav2_util: 0.4.7 (/opt/ros/foxy/share/nav2_util/cmake)
[1.691s] -- Found eigen3_cmake_module: 0.1.1 (/opt/ros/foxy/share/eigen3_cmake_module/cmake)
[1.856s] -- Found nav2_costmap_2d: 0.4.7 (/opt/ros/foxy/share/nav2_costmap_2d/cmake)
[2.600s] -- Found nav2_core: 0.4.7 (/opt/ros/foxy/share/nav2_core/cmake)
[5.799s] -- Found ament_lint_auto: 0.9.6 (/opt/ros/foxy/share/ament_lint_auto/cmake)
[5.877s] -- Added test 'copyright' to check source files copyright and LICENSE
[5.878s] -- Added test 'cppcheck' to perform static code analysis on C / C++ code
[5.878s] -- Configured cppcheck include dirs: /home/terra/nav2_ws/src/nav2_straightline_demo/include
[5.879s] -- Configured cppcheck exclude dirs and/or files: 
[5.879s] -- Added test 'cpplint' to check C / C++ code against the Google style
[5.880s] -- Configured cpplint exclude dirs and/or files: 
[5.880s] -- Added test 'lint_cmake' to check CMake code style
[5.881s] -- Added test 'uncrustify' to check C / C++ code style
[5.881s] -- Configured uncrustify additional arguments: 
[5.882s] -- Added test 'xmllint' to check XML markup files
[5.887s] -- Configuring done
[6.245s] -- Generating done
[6.247s] -- Build files have been written to: /home/terra/nav2_ws/build/nav2_straightline_demo
[6.256s] Invoked command in '/home/terra/nav2_ws/build/nav2_straightline_demo' returned '0': CMAKE_PREFIX_PATH=/opt/ros/foxy /usr/bin/cmake /home/terra/nav2_ws/src/nav2_straightline_demo -DCMAKE_INSTALL_PREFIX=/home/terra/nav2_ws/install/nav2_straightline_demo
[6.260s] Invoking command in '/home/terra/nav2_ws/build/nav2_straightline_demo': CMAKE_PREFIX_PATH=/opt/ros/foxy /usr/bin/cmake --build /home/terra/nav2_ws/build/nav2_straightline_demo -- -j8 -l8
[6.307s] [35m[1mScanning dependencies of target straight_line_demo[0m
[6.396s] [ 50%] [32mBuilding CXX object CMakeFiles/straight_line_demo.dir/src/straight_line_demo.cpp.o[0m
[8.853s] In file included from [01m[K/home/terra/nav2_ws/src/nav2_straightline_demo/src/straight_line_demo.cpp:1[m[K:
[8.854s] [01m[K/home/terra/nav2_ws/src/nav2_straightline_demo/include/nav2_demo/straight_line_demo.hpp:13:55:[m[K [01;31m[Kerror: [m[Kno match for call to â€˜[01m[K(rclcpp::Node) ()[m[Kâ€™
[8.854s]    13 |         ObstacleAvoidance : Node("ObstacleAvoidance")([01;31m[K)[m[K{
[8.854s]       |                                                       [01;31m[K^[m[K
[8.854s] [01m[K/home/terra/nav2_ws/src/nav2_straightline_demo/include/nav2_demo/straight_line_demo.hpp:13:56:[m[K [01;31m[Kerror: [m[Kdefault member initializer for unnamed bit-field
[8.854s]    13 |         ObstacleAvoidance : Node("ObstacleAvoidance")()[01;31m[K{[m[K
[8.855s]       |                                                        [01;31m[K^[m[K
[8.855s] [01m[K/home/terra/nav2_ws/src/nav2_straightline_demo/include/nav2_demo/straight_line_demo.hpp:16:9:[m[K [01;31m[Kerror: [m[Kname â€˜[01m[Kobstacle_avoidance::ObstacleAvoidance[m[Kâ€™ has incomplete type
[8.855s]    16 |         [01;31m[K}[m[K;
[8.855s]       |         [01;31m[K^[m[K
[8.983s] [01m[K/home/terra/nav2_ws/src/nav2_straightline_demo/src/straight_line_demo.cpp:[m[K In member function â€˜[01m[Kvoid obstacle_avoidance::ObstacleAvoidance::getPlannerPath()[m[Kâ€™:
[8.983s] [01m[K/home/terra/nav2_ws/src/nav2_straightline_demo/src/straight_line_demo.cpp:12:96:[m[K [01;31m[Kerror: [m[Kno match for â€˜[01m[Koperator=[m[Kâ€™ (operand types are â€˜[01m[Krclcpp::Subscription<nav_msgs::msg::Path_<std::allocator<void> > >::SharedPtr[m[Kâ€™ {aka â€˜[01m[Kstd::shared_ptr<rclcpp::Subscription<nav_msgs::msg::Path_<std::allocator<void> > > >[m[Kâ€™} and â€˜[01m[Kstd::shared_ptr<rclcpp::Publisher<nav_msgs::msg::Path_<std::allocator<void> >, std::allocator<void> > >[m[Kâ€™)
[8.983s]    12 | er<nav_msgs::msg::Path>("/ObstacleAvoidance/planner_path", 10[01;31m[K)[m[K;
[8.983s]       |                                                              [01;31m[K^[m[K
[8.984s] 
[8.984s] In file included from [01m[K/usr/include/c++/9/memory:81[m[K,
[8.984s]                  from [01m[K/usr/include/x86_64-linux-gnu/c++/9/bits/stdc++.h:82[m[K,
[8.984s]                  from [01m[K/home/terra/nav2_ws/src/nav2_straightline_demo/include/nav2_demo/straight_line_demo.hpp:1[m[K,
[8.984s]                  from [01m[K/home/terra/nav2_ws/src/nav2_straightline_demo/src/straight_line_demo.cpp:1[m[K:
[8.984s] [01m[K/usr/include/c++/9/bits/shared_ptr.h:309:19:[m[K [01;36m[Knote: [m[Kcandidate: â€˜[01m[Kstd::shared_ptr<_Tp>& std::shared_ptr<_Tp>::operator=(const std::shared_ptr<_Tp>&) [with _Tp = rclcpp::Subscription<nav_msgs::msg::Path_<std::allocator<void> > >][m[Kâ€™
[8.985s]   309 |       shared_ptr& [01;36m[Koperator[m[K=(const shared_ptr&) noexcept = default;
[8.985s]       |                   [01;36m[K^~~~~~~~[m[K
[8.985s] [01m[K/usr/include/c++/9/bits/shared_ptr.h:309:29:[m[K [01;36m[Knote: [m[K  no known conversion for argument 1 from â€˜[01m[Kstd::shared_ptr<rclcpp::Publisher<nav_msgs::msg::Path_<std::allocator<void> >, std::allocator<void> > >[m[Kâ€™ to â€˜[01m[Kconst std::shared_ptr<rclcpp::Subscription<nav_msgs::msg::Path_<std::allocator<void> > > >&[m[Kâ€™
[8.985s]   309 |       shared_ptr& operator=([01;36m[Kconst shared_ptr&[m[K) noexcept = default;
[8.985s]       |                             [01;36m[K^~~~~~~~~~~~~~~~~[m[K
[8.986s] [01m[K/usr/include/c++/9/bits/shared_ptr.h:313:2:[m[K [01;36m[Knote: [m[Kcandidate: â€˜[01m[Ktemplate<class _Yp> std::shared_ptr<_Tp>::_Assignable<const std::shared_ptr<_Yp>&> std::shared_ptr<_Tp>::operator=(const std::shared_ptr<_Yp>&) [with _Yp = _Yp; _Tp = rclcpp::Subscription<nav_msgs::msg::Path_<std::allocator<void> > >][m[Kâ€™
[8.986s]   313 |  [01;36m[Koperator[m[K=(const shared_ptr<_Yp>& __r) noexcept
[8.986s]       |  [01;36m[K^~~~~~~~[m[K
[8.986s] [01m[K/usr/include/c++/9/bits/shared_ptr.h:313:2:[m[K [01;36m[Knote: [m[K  template argument deduction/substitution failed:
[8.986s] /usr/include/c++/9/bits/shared_ptr.h: In substitution of â€˜[01m[Ktemplate<class _Tp> template<class _Arg> using _Assignable = typename std::enable_if<std::is_assignable<std::__shared_ptr<_Tp>&, _Arg>::value, std::shared_ptr<_Tp>&>::type [with _Arg = const std::shared_ptr<rclcpp::Publisher<nav_msgs::msg::Path_<std::allocator<void> >, std::allocator<void> > >&; _Tp = rclcpp::Subscription<nav_msgs::msg::Path_<std::allocator<void> > >][m[Kâ€™:
[8.987s] [01m[K/usr/include/c++/9/bits/shared_ptr.h:313:2:[m[K   required by substitution of â€˜[01m[Ktemplate<class _Yp> std::shared_ptr<rclcpp::Subscription<nav_msgs::msg::Path_<std::allocator<void> > > >::_Assignable<const std::shared_ptr<_Tp>&> std::shared_ptr<rclcpp::Subscription<nav_msgs::msg::Path_<std::allocator<void> > > >::operator=<_Yp>(const std::shared_ptr<_Tp>&) [with _Yp = rclcpp::Publisher<nav_msgs::msg::Path_<std::allocator<void> >, std::allocator<void> >][m[Kâ€™
[8.987s] [01m[K/home/terra/nav2_ws/src/nav2_straightline_demo/src/straight_line_demo.cpp:12:96:[m[K   required from here
[8.987s] [01m[K/usr/include/c++/9/bits/shared_ptr.h:111:8:[m[K [01;31m[Kerror: [m[Kno type named â€˜[01m[Ktype[m[Kâ€™ in â€˜[01m[Kstruct std::enable_if<false, std::shared_ptr<rclcpp::Subscription<nav_msgs::msg::Path_<std::allocator<void> > > >&>[m[Kâ€™
[8.987s]   111 |  using [01;31m[K_Assignable[m[K = typename enable_if<
[8.987s]       |        [01;31m[K^~~~~~~~~~~[m[K
[8.987s] [01m[K/usr/include/c++/9/bits/shared_ptr.h:324:2:[m[K [01;36m[Knote: [m[Kcandidate: â€˜[01m[Ktemplate<class _Yp> std::shared_ptr<_Tp>::_Assignable<std::auto_ptr<_Up> > std::shared_ptr<_Tp>::operator=(std::auto_ptr<_Up>&&) [with _Yp = _Yp; _Tp = rclcpp::Subscription<nav_msgs::msg::Path_<std::allocator<void> > >][m[Kâ€™
[8.988s]   324 |  [01;36m[Koperator[m[K=(auto_ptr<_Yp>&& __r)
[8.988s]       |  [01;36m[K^~~~~~~~[m[K
[8.988s] [01m[K/usr/include/c++/9/bits/shared_ptr.h:324:2:[m[K [01;36m[Knote: [m[K  template argument deduction/substitution failed:
[8.988s] [01m[K/home/terra/nav2_ws/src/nav2_straightline_demo/src/straight_line_demo.cpp:12:96:[m[K [01;36m[Knote: [m[K  â€˜[01m[Kstd::shared_ptr<rclcpp::Publisher<nav_msgs::msg::Path_<std::allocator<void> >, std::allocator<void> > >[m[Kâ€™ is not derived from â€˜[01m[Kstd::auto_ptr<_Up>[m[Kâ€™
[8.988s]    12 | er<nav_msgs::msg::Path>("/ObstacleAvoidance/planner_path", 10[01;36m[K)[m[K;
[8.989s]       |                                                              [01;36m[K^[m[K
[8.989s] 
[8.989s] In file included from [01m[K/usr/include/c++/9/memory:81[m[K,
[8.989s]                  from [01m[K/usr/include/x86_64-linux-gnu/c++/9/bits/stdc++.h:82[m[K,
[8.989s]                  from [01m[K/home/terra/nav2_ws/src/nav2_straightline_demo/include/nav2_demo/straight_line_demo.hpp:1[m[K,
[8.989s]                  from [01m[K/home/terra/nav2_ws/src/nav2_straightline_demo/src/straight_line_demo.cpp:1[m[K:
[8.990s] [01m[K/usr/include/c++/9/bits/shared_ptr.h:333:7:[m[K [01;36m[Knote: [m[Kcandidate: â€˜[01m[Kstd::shared_ptr<_Tp>& std::shared_ptr<_Tp>::operator=(std::shared_ptr<_Tp>&&) [with _Tp = rclcpp::Subscription<nav_msgs::msg::Path_<std::allocator<void> > >][m[Kâ€™
[8.990s]   333 |       [01;36m[Koperator[m[K=(shared_ptr&& __r) noexcept
[8.990s]       |       [01;36m[K^~~~~~~~[m[K
[8.990s] [01m[K/usr/include/c++/9/bits/shared_ptr.h:333:30:[m[K [01;36m[Knote: [m[K  no known conversion for argument 1 from â€˜[01m[Kstd::shared_ptr<rclcpp::Publisher<nav_msgs::msg::Path_<std::allocator<void> >, std::allocator<void> > >[m[Kâ€™ to â€˜[01m[Kstd::shared_ptr<rclcpp::Subscription<nav_msgs::msg::Path_<std::allocator<void> > > >&&[m[Kâ€™
[8.990s]   333 |       operator=([01;36m[Kshared_ptr&& __r[m[K) noexcept
[8.991s]       |                 [01;36m[K~~~~~~~~~~~~~^~~[m[K
[8.991s] [01m[K/usr/include/c++/9/bits/shared_ptr.h:341:2:[m[K [01;36m[Knote: [m[Kcandidate: â€˜[01m[Ktemplate<class _Yp> std::shared_ptr<_Tp>::_Assignable<std::shared_ptr<_Yp> > std::shared_ptr<_Tp>::operator=(std::shared_ptr<_Yp>&&) [with _Yp = _Yp; _Tp = rclcpp::Subscription<nav_msgs::msg::Path_<std::allocator<void> > >][m[Kâ€™
[8.991s]   341 |  [01;36m[Koperator[m[K=(shared_ptr<_Yp>&& __r) noexcept
[8.991s]       |  [01;36m[K^~~~~~~~[m[K
[8.991s] [01m[K/usr/include/c++/9/bits/shared_ptr.h:341:2:[m[K [01;36m[Knote: [m[K  template argument deduction/substitution failed:
[8.991s] /usr/include/c++/9/bits/shared_ptr.h: In substitution of â€˜[01m[Ktemplate<class _Tp> template<class _Arg> using _Assignable = typename std::enable_if<std::is_assignable<std::__shared_ptr<_Tp>&, _Arg>::value, std::shared_ptr<_Tp>&>::type [with _Arg = std::shared_ptr<rclcpp::Publisher<nav_msgs::msg::Path_<std::allocator<void> >, std::allocator<void> > >; _Tp = rclcpp::Subscription<nav_msgs::msg::Path_<std::allocator<void> > >][m[Kâ€™:
[8.992s] [01m[K/usr/include/c++/9/bits/shared_ptr.h:341:2:[m[K   required by substitution of â€˜[01m[Ktemplate<class _Yp> std::shared_ptr<rclcpp::Subscription<nav_msgs::msg::Path_<std::allocator<void> > > >::_Assignable<std::shared_ptr<_Tp> > std::shared_ptr<rclcpp::Subscription<nav_msgs::msg::Path_<std::allocator<void> > > >::operator=<_Yp>(std::shared_ptr<_Tp>&&) [with _Yp = rclcpp::Publisher<nav_msgs::msg::Path_<std::allocator<void> >, std::allocator<void> >][m[Kâ€™
[8.992s] [01m[K/home/terra/nav2_ws/src/nav2_straightline_demo/src/straight_line_demo.cpp:12:96:[m[K   required from here
[8.992s] [01m[K/usr/include/c++/9/bits/shared_ptr.h:111:8:[m[K [01;31m[Kerror: [m[Kno type named â€˜[01m[Ktype[m[Kâ€™ in â€˜[01m[Kstruct std::enable_if<false, std::shared_ptr<rclcpp::Subscription<nav_msgs::msg::Path_<std::allocator<void> > > >&>[m[Kâ€™
[8.992s]   111 |  using [01;31m[K_Assignable[m[K = typename enable_if<
[8.992s]       |        [01;31m[K^~~~~~~~~~~[m[K
[8.993s] [01m[K/usr/include/c++/9/bits/shared_ptr.h:349:2:[m[K [01;36m[Knote: [m[Kcandidate: â€˜[01m[Ktemplate<class _Yp, class _Del> std::shared_ptr<_Tp>::_Assignable<std::unique_ptr<_Up, _Ep> > std::shared_ptr<_Tp>::operator=(std::unique_ptr<_Up, _Ep>&&) [with _Yp = _Yp; _Del = _Del; _Tp = rclcpp::Subscription<nav_msgs::msg::Path_<std::allocator<void> > >][m[Kâ€™
[8.993s]   349 |  [01;36m[Koperator[m[K=(unique_ptr<_Yp, _Del>&& __r)
[8.993s]       |  [01;36m[K^~~~~~~~[m[K
[8.993s] [01m[K/usr/include/c++/9/bits/shared_ptr.h:349:2:[m[K [01;36m[Knote: [m[K  template argument deduction/substitution failed:
[8.993s] [01m[K/home/terra/nav2_ws/src/nav2_straightline_demo/src/straight_line_demo.cpp:12:96:[m[K [01;36m[Knote: [m[K  â€˜[01m[Kstd::shared_ptr<rclcpp::Publisher<nav_msgs::msg::Path_<std::allocator<void> >, std::allocator<void> > >[m[Kâ€™ is not derived from â€˜[01m[Kstd::unique_ptr<_Tp, _Dp>[m[Kâ€™
[8.993s]    12 | er<nav_msgs::msg::Path>("/ObstacleAvoidance/planner_path", 10[01;36m[K)[m[K;
[8.994s]       |                                                              [01;36m[K^[m[K
[8.994s] 
[8.994s] [01m[K/home/terra/nav2_ws/src/nav2_straightline_demo/src/straight_line_demo.cpp:13:16:[m[K [01;31m[Kerror: [m[Kâ€˜[01m[Kusing element_type = class rclcpp::Subscription<nav_msgs::msg::Path_<std::allocator<void> > >[m[Kâ€™ {aka â€˜[01m[Kclass rclcpp::Subscription<nav_msgs::msg::Path_<std::allocator<void> > >[m[Kâ€™} has no member named â€˜[01m[Kpublish[m[Kâ€™
[8.994s]    13 |   path_pub_ -> [01;31m[Kpublish[m[K(path);
[8.994s]       |                [01;31m[K^~~~~~~[m[K
[11.322s] make[2]: *** [CMakeFiles/straight_line_demo.dir/build.make:63: CMakeFiles/straight_line_demo.dir/src/straight_line_demo.cpp.o] Error 1
[11.323s] make[1]: *** [CMakeFiles/Makefile2:78: CMakeFiles/straight_line_demo.dir/all] Error 2
[11.323s] make: *** [Makefile:141: all] Error 2
[11.326s] Invoked command in '/home/terra/nav2_ws/build/nav2_straightline_demo' returned '2': CMAKE_PREFIX_PATH=/opt/ros/foxy /usr/bin/cmake --build /home/terra/nav2_ws/build/nav2_straightline_demo -- -j8 -l8
