[0.031s] Invoking command in '/home/terra/nav2_ws/build/nav2_straightline_planner': AMENT_PREFIX_PATH=/home/terra/nav2_ws/install/nav2_core:/home/terra/nav2_ws/install/nav2_costmap_2d:/home/terra/nav2_ws/install/nav2_util:/home/terra/nav2_ws/install/nav2_voxel_grid:/home/terra/nav2_ws/install/nav2_msgs:/home/terra/nav2_ws/install/nav2_common:${AMENT_PREFIX_PATH} CMAKE_PREFIX_PATH=/home/terra/nav2_ws/install/nav2_core:/home/terra/nav2_ws/install/nav2_costmap_2d:/home/terra/nav2_ws/install/nav2_util:/home/terra/nav2_ws/install/nav2_voxel_grid:/home/terra/nav2_ws/install/nav2_msgs:/home/terra/nav2_ws/install/nav2_common:/opt/ros/foxy LD_LIBRARY_PATH=/home/terra/nav2_ws/install/nav2_costmap_2d/lib:/home/terra/nav2_ws/install/nav2_util/lib:/home/terra/nav2_ws/install/nav2_voxel_grid/lib:/home/terra/nav2_ws/install/nav2_msgs/lib:${LD_LIBRARY_PATH} PYTHONPATH=/home/terra/nav2_ws/install/nav2_msgs/lib/python3.8/site-packages:/home/terra/nav2_ws/install/nav2_common/lib/python3.8/site-packages:${PYTHONPATH} /usr/bin/cmake --build /home/terra/nav2_ws/build/nav2_straightline_planner -- -j8 -l8
[0.092s] [35m[1mScanning dependencies of target nav2_straightline_planner_plugin[0m
[0.154s] [ 50%] [32mBuilding CXX object CMakeFiles/nav2_straightline_planner_plugin.dir/src/straight_line_planner.cpp.o[0m
[2.372s] In file included from [01m[K/home/terra/nav2_ws/src/navigation2_tutorials/nav2_straightline_planner/src/straight_line_planner.cpp:46[m[K:
[2.372s] [01m[K/home/terra/nav2_ws/src/navigation2_tutorials/nav2_straightline_planner/include/nav2_straightline_planner/straight_line_planner.hpp:68:38:[m[K [01;31m[Kerror: [m[Kâ€˜[01m[Krclcpp_lifecycle::LifecycleNode::SharePtr[m[Kâ€™ has not been declared
[2.372s]    68 |     rclcpp_lifecycle::LifecycleNode::[01;31m[KSharePtr[m[K & parent,
[2.373s]       |                                      [01;31m[K^~~~~~~~[m[K
[2.373s] [01m[K/home/terra/nav2_ws/src/navigation2_tutorials/nav2_straightline_planner/include/nav2_straightline_planner/straight_line_planner.hpp:67:8:[m[K [01;31m[Kerror: [m[Kâ€˜[01m[Kvoid nav2_straightline_planner::StraightLine::configure(int&, std::string, std::shared_ptr<tf2_ros::Buffer>, std::shared_ptr<nav2_costmap_2d::Costmap2DROS>)[m[Kâ€™ marked â€˜[01m[Koverride[m[Kâ€™, but does not override
[2.373s]    67 |   void [01;31m[Kconfigure[m[K(
[2.373s]       |        [01;31m[K^~~~~~~~~[m[K
[2.373s] [01m[K/home/terra/nav2_ws/src/navigation2_tutorials/nav2_straightline_planner/src/straight_line_planner.cpp:52:36:[m[K [01;31m[Kerror: [m[Kvariable or field â€˜[01m[Kconfigure[m[Kâ€™ declared void
[2.373s]    52 |   rclcpp_lifecycle::LifecycleNode::[01;31m[KSharePtr[m[K & parent,
[2.373s]       |                                    [01;31m[K^~~~~~~~[m[K
[2.373s] [01m[K/home/terra/nav2_ws/src/navigation2_tutorials/nav2_straightline_planner/src/straight_line_planner.cpp:52:36:[m[K [01;31m[Kerror: [m[Kâ€˜[01m[KSharePtr[m[Kâ€™ is not a member of â€˜[01m[Krclcpp_lifecycle::LifecycleNode[m[Kâ€™
[2.374s] [01m[K/home/terra/nav2_ws/src/navigation2_tutorials/nav2_straightline_planner/src/straight_line_planner.cpp:52:47:[m[K [01;31m[Kerror: [m[Kâ€˜[01m[Kparent[m[Kâ€™ was not declared in this scope
[2.374s]    52 |   rclcpp_lifecycle::LifecycleNode::SharePtr & [01;31m[Kparent[m[K,
[2.374s]       |                                               [01;31m[K^~~~~~[m[K
[2.374s] [01m[K/home/terra/nav2_ws/src/navigation2_tutorials/nav2_straightline_planner/src/straight_line_planner.cpp:53:15:[m[K [01;31m[Kerror: [m[Kexpected primary-expression before â€˜[01m[Kname[m[Kâ€™
[2.374s]    53 |   std::string [01;31m[Kname[m[K, std::shared_ptr<tf2_ros::Buffer> tf,
[2.374s]       |               [01;31m[K^~~~[m[K
[2.374s] [01m[K/home/terra/nav2_ws/src/navigation2_tutorials/nav2_straightline_planner/src/straight_line_planner.cpp:53:54:[m[K [01;31m[Kerror: [m[Kexpected primary-expression before â€˜[01m[Ktf[m[Kâ€™
[2.374s]    53 |   std::string name, std::shared_ptr<tf2_ros::Buffer> [01;31m[Ktf[m[K,
[2.375s]       |                                                      [01;31m[K^~[m[K
[2.375s] [01m[K/home/terra/nav2_ws/src/navigation2_tutorials/nav2_straightline_planner/src/straight_line_planner.cpp:54:50:[m[K [01;31m[Kerror: [m[Kexpected primary-expression before â€˜[01m[Kcostmap_ros[m[Kâ€™
[2.375s]    54 |   std::shared_ptr<nav2_costmap_2d::Costmap2DROS> [01;31m[Kcostmap_ros[m[K)
[2.375s]       |                                                  [01;31m[K^~~~~~~~~~~[m[K
[3.203s] In file included from [01m[K/opt/ros/foxy/include/class_loader/class_loader_core.hpp:57[m[K,
[3.203s]                  from [01m[K/opt/ros/foxy/include/class_loader/class_loader.hpp:55[m[K,
[3.203s]                  from [01m[K/opt/ros/foxy/include/class_loader/multi_library_class_loader.hpp:52[m[K,
[3.203s]                  from [01m[K/opt/ros/foxy/include/pluginlib/class_loader.hpp:58[m[K,
[3.203s]                  from [01m[K/home/terra/nav2_ws/install/nav2_costmap_2d/include/nav2_costmap_2d/costmap_2d_ros.hpp:53[m[K,
[3.204s]                  from [01m[K/home/terra/nav2_ws/install/nav2_core/include/nav2_core/global_planner.hpp:21[m[K,
[3.204s]                  from [01m[K/home/terra/nav2_ws/src/navigation2_tutorials/nav2_straightline_planner/include/nav2_straightline_planner/straight_line_planner.hpp:51[m[K,
[3.204s]                  from [01m[K/home/terra/nav2_ws/src/navigation2_tutorials/nav2_straightline_planner/src/straight_line_planner.cpp:46[m[K:
[3.204s] /opt/ros/foxy/include/class_loader/meta_object.hpp: In instantiation of â€˜[01m[KB* class_loader::impl::MetaObject<C, B>::create() const [with C = nav2_straightline_planner::StraightLine; B = nav2_core::GlobalPlanner][m[Kâ€™:
[3.204s] [01m[K/opt/ros/foxy/include/class_loader/meta_object.hpp:216:7:[m[K   required from here
[3.204s] [01m[K/opt/ros/foxy/include/class_loader/meta_object.hpp:218:12:[m[K [01;31m[Kerror: [m[Kinvalid new-expression of abstract class type â€˜[01m[Knav2_straightline_planner::StraightLine[m[Kâ€™
[3.204s]   218 |     return [01;31m[Knew C[m[K;
[3.204s]       |            [01;31m[K^~~~~[m[K
[3.204s] In file included from [01m[K/home/terra/nav2_ws/src/navigation2_tutorials/nav2_straightline_planner/src/straight_line_planner.cpp:46[m[K:
[3.204s] [01m[K/home/terra/nav2_ws/src/navigation2_tutorials/nav2_straightline_planner/include/nav2_straightline_planner/straight_line_planner.hpp:60:7:[m[K [01;36m[Knote: [m[K  because the following virtual functions are pure within â€˜[01m[Knav2_straightline_planner::StraightLine[m[Kâ€™:
[3.204s]    60 | class [01;36m[KStraightLine[m[K : public nav2_core::GlobalPlanner
[3.204s]       |       [01;36m[K^~~~~~~~~~~~[m[K
[3.204s] In file included from [01m[K/home/terra/nav2_ws/src/navigation2_tutorials/nav2_straightline_planner/include/nav2_straightline_planner/straight_line_planner.hpp:51[m[K,
[3.204s]                  from [01m[K/home/terra/nav2_ws/src/navigation2_tutorials/nav2_straightline_planner/src/straight_line_planner.cpp:46[m[K:
[3.205s] [01m[K/home/terra/nav2_ws/install/nav2_core/include/nav2_core/global_planner.hpp:50:16:[m[K [01;36m[Knote: [m[K	â€˜[01m[Kvirtual void nav2_core::GlobalPlanner::configure(rclcpp_lifecycle::LifecycleNode::SharedPtr, std::string, std::shared_ptr<tf2_ros::Buffer>, std::shared_ptr<nav2_costmap_2d::Costmap2DROS>)[m[Kâ€™
[3.205s]    50 |   virtual void [01;36m[Kconfigure[m[K(
[3.205s]       |                [01;36m[K^~~~~~~~~[m[K
[3.337s] make[2]: *** [CMakeFiles/nav2_straightline_planner_plugin.dir/build.make:63: CMakeFiles/nav2_straightline_planner_plugin.dir/src/straight_line_planner.cpp.o] Error 1
[3.337s] make[1]: *** [CMakeFiles/Makefile2:78: CMakeFiles/nav2_straightline_planner_plugin.dir/all] Error 2
[3.338s] make: *** [Makefile:141: all] Error 2
[3.343s] Invoked command in '/home/terra/nav2_ws/build/nav2_straightline_planner' returned '2': AMENT_PREFIX_PATH=/home/terra/nav2_ws/install/nav2_core:/home/terra/nav2_ws/install/nav2_costmap_2d:/home/terra/nav2_ws/install/nav2_util:/home/terra/nav2_ws/install/nav2_voxel_grid:/home/terra/nav2_ws/install/nav2_msgs:/home/terra/nav2_ws/install/nav2_common:${AMENT_PREFIX_PATH} CMAKE_PREFIX_PATH=/home/terra/nav2_ws/install/nav2_core:/home/terra/nav2_ws/install/nav2_costmap_2d:/home/terra/nav2_ws/install/nav2_util:/home/terra/nav2_ws/install/nav2_voxel_grid:/home/terra/nav2_ws/install/nav2_msgs:/home/terra/nav2_ws/install/nav2_common:/opt/ros/foxy LD_LIBRARY_PATH=/home/terra/nav2_ws/install/nav2_costmap_2d/lib:/home/terra/nav2_ws/install/nav2_util/lib:/home/terra/nav2_ws/install/nav2_voxel_grid/lib:/home/terra/nav2_ws/install/nav2_msgs/lib:${LD_LIBRARY_PATH} PYTHONPATH=/home/terra/nav2_ws/install/nav2_msgs/lib/python3.8/site-packages:/home/terra/nav2_ws/install/nav2_common/lib/python3.8/site-packages:${PYTHONPATH} /usr/bin/cmake --build /home/terra/nav2_ws/build/nav2_straightline_planner -- -j8 -l8
